10:46:29 [INFO] Tail-from-EOF: es_orderflow_2026-05-03.jsonl at offset 411699621
10:46:29 [INFO] Tail-from-EOF: es_orderflow_2026-05-04.jsonl at offset 9360237317
10:46:29 [INFO] ============================================================
10:46:29 [INFO] Live Orderflow Alert Engine v3.0
10:46:29 [INFO] Watch: state/orderflow/bookmap_api
10:46:29 [INFO] SPY source: cached
10:46:29 [INFO] Confidence threshold: 75
10:46:29 [INFO] Cooldown: 10 min
10:46:29 [INFO] DRY RUN: YES
10:46:29 [INFO] ============================================================
10:46:40 [INFO] Sweep: NQM6.CME@RITHMIC bearish_sweep at 27777.25 (confidence: 15)
10:46:55 [INFO] Sweep: NQM6.CME@RITHMIC bearish_sweep at 27775.50 (confidence: 15)
10:47:40 [INFO] Sweep: NQM6.CME@RITHMIC bearish_sweep at 27771.25 (confidence: 15)
10:48:55 [INFO] Sweep: NQM6.CME@RITHMIC bearish_sweep at 27776.75 (confidence: 15)
10:50:26 [INFO] Sweep: NQM6.CME@RITHMIC bearish_sweep at 27777.25 (confidence: 15)
10:50:31 [INFO] Sweep: NQM6.CME@RITHMIC bearish_sweep at 27779.25 (confidence: 15)
10:50:31 [INFO] Sweep: NQM6.CME@RITHMIC bearish_sweep at 27779.00 (confidence: 15)
10:50:46 [INFO] Sweep: NQM6.CME@RITHMIC bullish_sweep at 27782.75 (confidence: 23)
10:52:07 [INFO] Sweep: NQM6.CME@RITHMIC bearish_sweep at 27791.75 (confidence: 15)
10:52:12 [INFO] Sweep: NQM6.CME@RITHMIC bearish_sweep at 27790.50 (confidence: 15)
10:52:17 [INFO] Sweep: NQM6.CME@RITHMIC bearish_sweep at 27791.50 (confidence: 15)
10:53:12 [INFO] Sweep: NQM6.CME@RITHMIC bearish_sweep at 27786.00 (confidence: 15)
10:53:17 [INFO] Sweep: NQM6.CME@RITHMIC bullish_sweep at 27781.00 (confidence: 23)
10:53:17 [INFO] Sweep: NQM6.CME@RITHMIC bearish_sweep at 27781.75 (confidence: 15)
10:53:22 [INFO] Sweep: NQM6.CME@RITHMIC bullish_sweep at 27780.00 (confidence: 23)
10:53:22 [INFO] Sweep: NQM6.CME@RITHMIC bearish_sweep at 27779.00 (confidence: 15)
10:53:27 [INFO] Sweep: NQM6.CME@RITHMIC bearish_sweep at 27781.75 (confidence: 15)
10:54:12 [INFO] Sweep: NQM6.CME@RITHMIC bearish_sweep at 27788.50 (confidence: 15)
10:54:22 [INFO] Sweep: NQM6.CME@RITHMIC bearish_sweep at 27789.25 (confidence: 15)
10:54:58 [INFO] Sweep: NQM6.CME@RITHMIC bearish_sweep at 27790.00 (confidence: 15)
10:55:23 [INFO] Sweep: NQM6.CME@RITHMIC bearish_sweep at 27797.00 (confidence: 15)
10:55:23 [INFO] Sweep: NQM6.CME@RITHMIC bullish_sweep at 27797.00 (confidence: 23)
10:55:28 [INFO] Sweep: NQM6.CME@RITHMIC bearish_sweep at 27795.75 (confidence: 15)
10:55:28 [INFO] Sweep: NQM6.CME@RITHMIC bearish_sweep at 27796.50 (confidence: 15)
10:57:13 [INFO] Sweep: NQM6.CME@RITHMIC bullish_sweep at 27798.00 (confidence: 23)
10:57:49 [INFO] Sweep: NQM6.CME@RITHMIC bullish_sweep at 27802.00 (confidence: 28)
10:58:19 [INFO] Sweep: NQM6.CME@RITHMIC bearish_sweep at 27799.25 (confidence: 15)
10:58:34 [INFO] Sweep: NQM6.CME@RITHMIC bullish_sweep at 27799.25 (confidence: 28)
10:58:34 [INFO] Sweep: NQM6.CME@RITHMIC bearish_sweep at 27800.00 (confidence: 15)
10:58:34 [INFO] Sweep: NQM6.CME@RITHMIC bearish_sweep at 27800.50 (confidence: 15)
10:58:34 [INFO] Sweep: NQM6.CME@RITHMIC bearish_sweep at 27800.00 (confidence: 15)
10:58:34 [INFO] Sweep: NQM6.CME@RITHMIC bearish_sweep at 27800.00 (confidence: 15)
10:58:39 [INFO] Sweep: NQM6.CME@RITHMIC bullish_sweep at 27799.75 (confidence: 23)
10:58:39 [INFO] Sweep: NQM6.CME@RITHMIC bullish_sweep at 27799.50 (confidence: 23)
10:58:39 [INFO] Sweep: NQM6.CME@RITHMIC bullish_sweep at 27798.75 (confidence: 23)
10:59:59 [INFO] Sweep: NQM6.CME@RITHMIC bearish_sweep at 27792.75 (confidence: 15)
10:59:59 [INFO] Sweep: NQM6.CME@RITHMIC bullish_sweep at 27790.75 (confidence: 23)
11:00:35 [INFO] Sweep: NQM6.CME@RITHMIC bearish_sweep at 27794.25 (confidence: 15)
11:03:01 [INFO] Sweep: NQM6.CME@RITHMIC bearish_sweep at 27806.50 (confidence: 15)
11:03:06 [INFO] Sweep: NQM6.CME@RITHMIC bearish_sweep at 27807.00 (confidence: 15)
11:03:06 [INFO] Sweep: NQM6.CME@RITHMIC bearish_sweep at 27807.50 (confidence: 15)
11:03:06 [INFO] Sweep: NQM6.CME@RITHMIC bearish_sweep at 27808.00 (confidence: 15)
11:03:26 [INFO] Sweep: NQM6.CME@RITHMIC bearish_sweep at 27808.00 (confidence: 15)
11:03:31 [INFO] Sweep: NQM6.CME@RITHMIC bearish_sweep at 27811.25 (confidence: 15)
11:03:31 [INFO] Sweep: NQM6.CME@RITHMIC bearish_sweep at 27812.00 (confidence: 15)
11:03:41 [INFO] Sweep: NQM6.CME@RITHMIC bearish_sweep at 27812.00 (confidence: 15)
11:03:41 [INFO] Sweep: NQM6.CME@RITHMIC bearish_sweep at 27810.50 (confidence: 15)
11:03:46 [INFO] Sweep: ESM6.CME@RITHMIC bullish_sweep at 7238.25 (confidence: 28)
11:04:31 [INFO] Sweep: NQM6.CME@RITHMIC bullish_sweep at 27813.50 (confidence: 23)
11:04:31 [INFO] Sweep: NQM6.CME@RITHMIC bearish_sweep at 27816.00 (confidence: 15)
11:04:36 [INFO] Sweep: NQM6.CME@RITHMIC bearish_sweep at 27814.25 (confidence: 15)
11:04:46 [INFO] Sweep: NQM6.CME@RITHMIC bearish_sweep at 27811.50 (confidence: 15)
11:04:57 [INFO] Sweep: NQM6.CME@RITHMIC bearish_sweep at 27810.25 (confidence: 15)
11:04:57 [INFO] Sweep: ESM6.CME@RITHMIC bullish_sweep at 7239.00 (confidence: 23)
11:05:17 [INFO] Sweep: NQM6.CME@RITHMIC bearish_sweep at 27811.50 (confidence: 15)
11:05:52 [INFO] Sweep: NQM6.CME@RITHMIC bearish_sweep at 27814.00 (confidence: 15)
11:05:52 [INFO] Sweep: NQM6.CME@RITHMIC bearish_sweep at 27815.50 (confidence: 15)
11:06:07 [INFO] Sweep: NQM6.CME@RITHMIC bearish_sweep at 27816.00 (confidence: 15)
11:06:32 [INFO] Sweep: NQM6.CME@RITHMIC bearish_sweep at 27811.50 (confidence: 15)
11:06:37 [INFO] Sweep: NQM6.CME@RITHMIC bearish_sweep at 27812.25 (confidence: 15)
11:06:42 [INFO] Sweep: NQM6.CME@RITHMIC bearish_sweep at 27811.25 (confidence: 15)
11:06:47 [INFO] Sweep: NQM6.CME@RITHMIC bearish_sweep at 27811.50 (confidence: 15)
11:07:38 [INFO] Sweep: ESM6.CME@RITHMIC bearish_sweep at 7236.75 (confidence: 15)
11:07:38 [INFO] Sweep: NQM6.CME@RITHMIC bearish_sweep at 27803.00 (confidence: 15)
11:07:43 [INFO] Sweep: NQM6.CME@RITHMIC bearish_sweep at 27804.00 (confidence: 15)
11:07:48 [INFO] Sweep: NQM6.CME@RITHMIC bearish_sweep at 27800.25 (confidence: 20)
11:07:58 [INFO] Sweep: NQM6.CME@RITHMIC bearish_sweep at 27795.25 (confidence: 15)
11:07:58 [INFO] Sweep: NQM6.CME@RITHMIC bearish_sweep at 27794.75 (confidence: 15)
11:08:03 [INFO] Sweep: NQM6.CME@RITHMIC bearish_sweep at 27795.00 (confidence: 15)
11:08:33 [INFO] Sweep: NQM6.CME@RITHMIC bearish_sweep at 27804.75 (confidence: 15)
11:08:33 [INFO] Sweep: NQM6.CME@RITHMIC bearish_sweep at 27805.50 (confidence: 15)
11:08:38 [INFO] Sweep: NQM6.CME@RITHMIC bullish_sweep at 27805.75 (confidence: 23)
11:08:43 [INFO] Sweep: NQM6.CME@RITHMIC bullish_sweep at 27805.75 (confidence: 23)
11:09:33 [INFO] Sweep: NQM6.CME@RITHMIC bearish_sweep at 27802.75 (confidence: 15)
11:10:04 [INFO] Sweep: NQM6.CME@RITHMIC bearish_sweep at 27798.50 (confidence: 20)
11:12:50 [INFO] Sweep: NQM6.CME@RITHMIC bearish_sweep at 27802.25 (confidence: 15)
11:13:00 [INFO] Sweep: NQM6.CME@RITHMIC bearish_sweep at 27797.00 (confidence: 15)
11:13:40 [INFO] Sweep: NQM6.CME@RITHMIC bullish_sweep at 27790.00 (confidence: 23)
11:13:40 [INFO] Sweep: NQM6.CME@RITHMIC bearish_sweep at 27791.25 (confidence: 15)
11:14:06 [INFO] Sweep: NQM6.CME@RITHMIC bearish_sweep at 27793.75 (confidence: 15)
11:14:16 [INFO] Sweep: NQM6.CME@RITHMIC bearish_sweep at 27791.00 (confidence: 15)
11:14:21 [INFO] Sweep: NQM6.CME@RITHMIC bullish_sweep at 27789.75 (confidence: 23)
11:14:31 [INFO] Sweep: NQM6.CME@RITHMIC bearish_sweep at 27788.50 (confidence: 20)
11:14:56 [INFO] Sweep: NQM6.CME@RITHMIC bearish_sweep at 27786.50 (confidence: 15)
11:15:01 [INFO] Sweep: NQM6.CME@RITHMIC bearish_sweep at 27787.50 (confidence: 15)
11:15:31 [INFO] Sweep: NQM6.CME@RITHMIC bearish_sweep at 27782.75 (confidence: 15)
11:15:36 [INFO] Sweep: NQM6.CME@RITHMIC bearish_sweep at 27781.75 (confidence: 15)
11:15:46 [INFO] Sweep: NQM6.CME@RITHMIC bearish_sweep at 27780.75 (confidence: 15)
11:15:46 [INFO] Sweep: NQM6.CME@RITHMIC bearish_sweep at 27781.50 (confidence: 15)
11:15:51 [INFO] Sweep: NQM6.CME@RITHMIC bearish_sweep at 27781.00 (confidence: 15)
11:15:56 [INFO] Sweep: NQM6.CME@RITHMIC bearish_sweep at 27781.25 (confidence: 15)
11:16:01 [INFO] Sweep: NQM6.CME@RITHMIC bearish_sweep at 27781.25 (confidence: 15)
11:16:01 [INFO] Sweep: NQM6.CME@RITHMIC bearish_sweep at 27781.25 (confidence: 15)
11:16:01 [INFO] Sweep: NQM6.CME@RITHMIC bearish_sweep at 27781.75 (confidence: 15)
11:16:42 [INFO] Sweep: NQM6.CME@RITHMIC bearish_sweep at 27777.75 (confidence: 15)
11:16:42 [INFO] Sweep: NQM6.CME@RITHMIC bullish_sweep at 27778.00 (confidence: 23)
11:16:47 [INFO] Sweep: NQM6.CME@RITHMIC bearish_sweep at 27778.25 (confidence: 15)
11:16:47 [INFO] Sweep: NQM6.CME@RITHMIC bearish_sweep at 27779.00 (confidence: 15)
11:18:02 [INFO] Sweep: NQM6.CME@RITHMIC bearish_sweep at 27780.50 (confidence: 15)
11:18:48 [INFO] Sweep: NQM6.CME@RITHMIC bearish_sweep at 27774.00 (confidence: 15)
11:18:48 [INFO] Sweep: NQM6.CME@RITHMIC bullish_sweep at 27772.00 (confidence: 23)
11:18:53 [INFO] Sweep: NQM6.CME@RITHMIC bearish_sweep at 27773.75 (confidence: 15)
11:18:58 [INFO] Sweep: NQM6.CME@RITHMIC bearish_sweep at 27773.75 (confidence: 15)
11:19:03 [INFO] Sweep: NQM6.CME@RITHMIC bearish_sweep at 27773.25 (confidence: 15)
