11:19:20 [INFO] ============================================================
11:19:20 [INFO] Live Orderflow Alert Engine v4.0
11:19:20 [INFO] Watch: state/orderflow/bookmap_api
11:19:20 [INFO] SPY source: cached
11:19:20 [INFO] Confidence threshold: 75
11:19:20 [INFO] Cooldown: 10 min
11:19:20 [INFO] DRY RUN: YES
11:19:20 [INFO] ============================================================
11:19:20 [INFO] Sweep: NQM6.CME@RITHMIC bearish_sweep at 27773.00 (confidence: 15)
11:19:20 [INFO] Sweep: ESM6.CME@RITHMIC bearish_sweep at 7231.25 (confidence: 15)
11:19:20 [INFO] Sweep: NQM6.CME@RITHMIC bearish_sweep at 27775.00 (confidence: 15)
11:19:40 [INFO] Sweep: NQM6.CME@RITHMIC bullish_sweep at 27776.75 (confidence: 23)
11:20:11 [INFO] Sweep: NQM6.CME@RITHMIC bearish_sweep at 27773.50 (confidence: 15)
11:20:11 [INFO] Sweep: NQM6.CME@RITHMIC bearish_sweep at 27773.50 (confidence: 15)
11:21:11 [INFO] Sweep: NQM6.CME@RITHMIC bullish_sweep at 27769.00 (confidence: 23)
11:21:31 [INFO] Sweep: ESM6.CME@RITHMIC bearish_sweep at 7230.00 (confidence: 20)
11:21:31 [INFO] Sweep: NQM6.CME@RITHMIC bearish_sweep at 27769.75 (confidence: 15)
11:21:36 [INFO] Sweep: NQM6.CME@RITHMIC bearish_sweep at 27769.00 (confidence: 15)
11:21:36 [INFO] Sweep: NQM6.CME@RITHMIC bearish_sweep at 27768.75 (confidence: 15)
11:21:51 [INFO] Sweep: NQM6.CME@RITHMIC bearish_sweep at 27770.75 (confidence: 15)
11:22:01 [INFO] Sweep: NQM6.CME@RITHMIC bearish_sweep at 27775.00 (confidence: 15)
11:22:06 [INFO] Sweep: NQM6.CME@RITHMIC bearish_sweep at 27768.50 (confidence: 15)
11:22:26 [INFO] Sweep: NQM6.CME@RITHMIC bearish_sweep at 27770.50 (confidence: 15)
11:22:52 [INFO] Sweep: NQM6.CME@RITHMIC bearish_sweep at 27772.50 (confidence: 15)
11:23:02 [INFO] Sweep: NQM6.CME@RITHMIC bearish_sweep at 27767.25 (confidence: 15)
11:23:02 [INFO] Sweep: NQM6.CME@RITHMIC bullish_sweep at 27766.25 (confidence: 23)
11:23:22 [INFO] Sweep: NQM6.CME@RITHMIC bullish_sweep at 27766.00 (confidence: 23)
11:23:22 [INFO] Sweep: NQM6.CME@RITHMIC bullish_sweep at 27764.75 (confidence: 23)
11:23:27 [INFO] Sweep: NQM6.CME@RITHMIC bearish_sweep at 27767.25 (confidence: 15)
11:23:42 [INFO] Sweep: NQM6.CME@RITHMIC bearish_sweep at 27762.00 (confidence: 15)
11:23:52 [INFO] Sweep: NQM6.CME@RITHMIC bearish_sweep at 27754.25 (confidence: 15)
11:23:52 [INFO] Sweep: NQM6.CME@RITHMIC bearish_sweep at 27754.50 (confidence: 15)
11:23:52 [INFO] Sweep: NQM6.CME@RITHMIC bearish_sweep at 27752.00 (confidence: 15)
11:23:57 [INFO] Sweep: NQM6.CME@RITHMIC bearish_sweep at 27753.00 (confidence: 15)
11:24:22 [INFO] Diagnostics window written (#1)
11:24:33 [INFO] Sweep: NQM6.CME@RITHMIC bearish_sweep at 27762.75 (confidence: 15)
11:24:53 [INFO] Sweep: NQM6.CME@RITHMIC bearish_sweep at 27762.75 (confidence: 15)
11:24:58 [INFO] Sweep: NQM6.CME@RITHMIC bearish_sweep at 27760.75 (confidence: 15)
11:25:08 [INFO] Sweep: NQM6.CME@RITHMIC bullish_sweep at 27761.50 (confidence: 23)
11:25:28 [INFO] Sweep: NQM6.CME@RITHMIC bullish_sweep at 27755.00 (confidence: 23)
11:25:33 [INFO] Sweep: NQM6.CME@RITHMIC bearish_sweep at 27752.50 (confidence: 15)
11:25:38 [INFO] Sweep: NQM6.CME@RITHMIC bearish_sweep at 27751.00 (confidence: 15)
11:25:43 [INFO] Sweep: NQM6.CME@RITHMIC bearish_sweep at 27749.50 (confidence: 15)
11:25:43 [INFO] Sweep: NQM6.CME@RITHMIC bearish_sweep at 27751.50 (confidence: 20)
11:26:18 [INFO] Sweep: NQM6.CME@RITHMIC bearish_sweep at 27752.25 (confidence: 15)
11:26:18 [INFO] Sweep: NQM6.CME@RITHMIC bearish_sweep at 27752.00 (confidence: 20)
11:26:59 [INFO] Sweep: NQM6.CME@RITHMIC bearish_sweep at 27745.50 (confidence: 15)
11:27:14 [INFO] Sweep: NQM6.CME@RITHMIC bearish_sweep at 27739.50 (confidence: 15)
11:28:04 [INFO] Sweep: NQM6.CME@RITHMIC bearish_sweep at 27745.00 (confidence: 15)
11:28:09 [INFO] Sweep: NQM6.CME@RITHMIC bearish_sweep at 27751.50 (confidence: 15)
11:28:14 [INFO] Sweep: NQM6.CME@RITHMIC bearish_sweep at 27750.75 (confidence: 15)
11:28:50 [INFO] Sweep: NQM6.CME@RITHMIC bearish_sweep at 27753.75 (confidence: 15)
11:28:55 [INFO] Sweep: NQM6.CME@RITHMIC bearish_sweep at 27756.50 (confidence: 15)
11:29:00 [INFO] Sweep: NQM6.CME@RITHMIC bearish_sweep at 27758.25 (confidence: 15)
11:29:05 [INFO] Sweep: NQM6.CME@RITHMIC bearish_sweep at 27760.25 (confidence: 15)
11:29:05 [INFO] Sweep: NQM6.CME@RITHMIC bearish_sweep at 27760.25 (confidence: 15)
11:29:10 [INFO] Sweep: NQM6.CME@RITHMIC bearish_sweep at 27761.00 (confidence: 15)
11:29:15 [INFO] Sweep: NQM6.CME@RITHMIC bearish_sweep at 27760.75 (confidence: 15)
11:29:20 [INFO] Sweep: NQM6.CME@RITHMIC bearish_sweep at 27765.50 (confidence: 15)
11:29:20 [INFO] Sweep: NQM6.CME@RITHMIC bullish_sweep at 27766.00 (confidence: 23)
11:29:20 [INFO] Sweep: NQM6.CME@RITHMIC bearish_sweep at 27767.00 (confidence: 15)
11:29:20 [INFO] Sweep: NQM6.CME@RITHMIC bearish_sweep at 27766.25 (confidence: 15)
11:29:25 [INFO] Sweep: NQM6.CME@RITHMIC bearish_sweep at 27765.75 (confidence: 15)
11:29:25 [INFO] Diagnostics window written (#2)
11:29:35 [INFO] Sweep: NQM6.CME@RITHMIC bearish_sweep at 27766.75 (confidence: 15)
11:30:00 [INFO] Sweep: NQM6.CME@RITHMIC bearish_sweep at 27773.00 (confidence: 15)
11:30:30 [INFO] Sweep: NQM6.CME@RITHMIC bearish_sweep at 27764.75 (confidence: 15)
11:30:30 [INFO] Sweep: NQM6.CME@RITHMIC bearish_sweep at 27765.75 (confidence: 15)
11:30:46 [INFO] Sweep: NQM6.CME@RITHMIC bearish_sweep at 27762.25 (confidence: 15)
11:31:06 [INFO] Sweep: NQM6.CME@RITHMIC bearish_sweep at 27764.25 (confidence: 15)
11:31:16 [INFO] Sweep: NQM6.CME@RITHMIC bearish_sweep at 27761.50 (confidence: 15)
11:31:26 [INFO] Sweep: NQM6.CME@RITHMIC bearish_sweep at 27758.50 (confidence: 15)
11:31:26 [INFO] Sweep: NQM6.CME@RITHMIC bearish_sweep at 27758.50 (confidence: 15)
11:31:26 [INFO] Sweep: NQM6.CME@RITHMIC bearish_sweep at 27757.50 (confidence: 20)
11:31:31 [INFO] Sweep: NQM6.CME@RITHMIC bearish_sweep at 27760.50 (confidence: 15)
11:32:16 [INFO] Sweep: NQM6.CME@RITHMIC bullish_sweep at 27756.75 (confidence: 23)
11:32:21 [INFO] Sweep: NQM6.CME@RITHMIC bullish_sweep at 27757.00 (confidence: 23)
11:33:17 [INFO] Sweep: NQM6.CME@RITHMIC bearish_sweep at 27762.50 (confidence: 15)
11:33:17 [INFO] Sweep: NQM6.CME@RITHMIC bearish_sweep at 27762.75 (confidence: 15)
11:34:27 [INFO] Diagnostics window written (#3)
11:35:18 [INFO] Sweep: NQM6.CME@RITHMIC bearish_sweep at 27755.50 (confidence: 15)
11:35:28 [INFO] Sweep: NQM6.CME@RITHMIC bearish_sweep at 27756.75 (confidence: 15)
11:37:39 [INFO] Sweep: NQM6.CME@RITHMIC bearish_sweep at 27747.25 (confidence: 15)
11:38:19 [INFO] Sweep: NQM6.CME@RITHMIC bearish_sweep at 27752.25 (confidence: 15)
11:38:54 [INFO] Sweep: NQM6.CME@RITHMIC bearish_sweep at 27746.75 (confidence: 15)
11:38:59 [INFO] Sweep: NQM6.CME@RITHMIC bearish_sweep at 27746.25 (confidence: 15)
11:39:04 [INFO] Sweep: NQM6.CME@RITHMIC bearish_sweep at 27747.50 (confidence: 15)
11:39:19 [INFO] Sweep: NQM6.CME@RITHMIC bearish_sweep at 27752.25 (confidence: 15)
11:39:29 [INFO] Diagnostics window written (#4)
11:39:34 [INFO] Sweep: NQM6.CME@RITHMIC bearish_sweep at 27755.50 (confidence: 15)
11:39:34 [INFO] Sweep: NQM6.CME@RITHMIC bearish_sweep at 27755.50 (confidence: 15)
11:39:55 [INFO] Sweep: NQM6.CME@RITHMIC bearish_sweep at 27753.50 (confidence: 15)
11:40:10 [INFO] Sweep: NQM6.CME@RITHMIC bearish_sweep at 27751.75 (confidence: 15)
11:40:30 [INFO] Sweep: NQM6.CME@RITHMIC bearish_sweep at 27755.75 (confidence: 15)
11:40:50 [INFO] Sweep: NQM6.CME@RITHMIC bearish_sweep at 27755.75 (confidence: 15)
11:43:06 [INFO] Sweep: NQM6.CME@RITHMIC bearish_sweep at 27748.00 (confidence: 15)
11:43:16 [INFO] Sweep: NQM6.CME@RITHMIC bullish_sweep at 27744.50 (confidence: 23)
11:43:26 [INFO] Sweep: NQM6.CME@RITHMIC bullish_sweep at 27744.50 (confidence: 23)
11:43:36 [INFO] Sweep: NQM6.CME@RITHMIC bearish_sweep at 27741.00 (confidence: 15)
11:43:56 [INFO] Sweep: NQM6.CME@RITHMIC bearish_sweep at 27738.75 (confidence: 15)
11:44:17 [INFO] Sweep: NQM6.CME@RITHMIC bearish_sweep at 27735.50 (confidence: 20)
11:44:27 [INFO] Sweep: NQM6.CME@RITHMIC bullish_sweep at 27731.75 (confidence: 23)
11:44:27 [INFO] Sweep: NQM6.CME@RITHMIC bearish_sweep at 27730.50 (confidence: 15)
11:44:32 [INFO] Diagnostics window written (#5)
11:44:37 [INFO] Sweep: NQM6.CME@RITHMIC bearish_sweep at 27727.00 (confidence: 15)
11:44:42 [INFO] Sweep: NQM6.CME@RITHMIC bearish_sweep at 27728.00 (confidence: 15)
11:44:42 [INFO] Sweep: NQM6.CME@RITHMIC bearish_sweep at 27727.75 (confidence: 15)
11:44:57 [INFO] Sweep: NQM6.CME@RITHMIC bearish_sweep at 27727.50 (confidence: 15)
11:45:02 [INFO] Sweep: NQM6.CME@RITHMIC bullish_sweep at 27723.50 (confidence: 23)
11:45:17 [INFO] Sweep: NQM6.CME@RITHMIC bearish_sweep at 27726.25 (confidence: 15)
11:45:37 [INFO] Sweep: ESM6.CME@RITHMIC bearish_sweep at 7218.00 (confidence: 15)
11:45:37 [INFO] Sweep: NQM6.CME@RITHMIC bullish_sweep at 27721.50 (confidence: 23)
11:45:53 [INFO] Sweep: NQM6.CME@RITHMIC bearish_sweep at 27724.75 (confidence: 15)
11:45:53 [INFO] Sweep: NQM6.CME@RITHMIC bearish_sweep at 27724.00 (confidence: 15)
11:45:53 [INFO] Sweep: NQM6.CME@RITHMIC bullish_sweep at 27724.25 (confidence: 23)
11:46:08 [INFO] Sweep: NQM6.CME@RITHMIC bearish_sweep at 27724.00 (confidence: 15)
11:46:38 [INFO] Sweep: NQM6.CME@RITHMIC bearish_sweep at 27729.25 (confidence: 15)
11:46:43 [INFO] Sweep: NQM6.CME@RITHMIC bearish_sweep at 27731.00 (confidence: 15)
11:46:53 [INFO] Sweep: NQM6.CME@RITHMIC bearish_sweep at 27729.00 (confidence: 15)
11:47:18 [INFO] Sweep: NQM6.CME@RITHMIC bullish_sweep at 27731.25 (confidence: 23)
11:47:18 [INFO] Sweep: NQM6.CME@RITHMIC bearish_sweep at 27731.25 (confidence: 15)
11:47:28 [INFO] Sweep: NQM6.CME@RITHMIC bearish_sweep at 27735.50 (confidence: 15)
11:48:09 [INFO] Sweep: NQM6.CME@RITHMIC bearish_sweep at 27735.25 (confidence: 15)
11:48:59 [INFO] Sweep: NQM6.CME@RITHMIC bearish_sweep at 27737.00 (confidence: 15)
11:49:14 [INFO] Sweep: NQM6.CME@RITHMIC bearish_sweep at 27738.25 (confidence: 15)
11:49:34 [INFO] Diagnostics window written (#6)
11:49:45 [INFO] Sweep: NQM6.CME@RITHMIC bearish_sweep at 27746.00 (confidence: 15)
11:50:05 [INFO] Sweep: NQM6.CME@RITHMIC bearish_sweep at 27747.50 (confidence: 15)
11:50:05 [INFO] Sweep: NQM6.CME@RITHMIC bearish_sweep at 27747.50 (confidence: 15)
11:50:05 [INFO] Sweep: NQM6.CME@RITHMIC bearish_sweep at 27751.50 (confidence: 15)
11:50:10 [INFO] Sweep: NQM6.CME@RITHMIC bearish_sweep at 27751.25 (confidence: 15)
11:50:25 [INFO] Sweep: NQM6.CME@RITHMIC bearish_sweep at 27747.50 (confidence: 15)
11:51:55 [INFO] Sweep: NQM6.CME@RITHMIC bearish_sweep at 27753.50 (confidence: 15)
11:51:56 [INFO] Sweep: NQM6.CME@RITHMIC bearish_sweep at 27752.50 (confidence: 15)
11:52:21 [INFO] Sweep: ESM6.CME@RITHMIC bearish_sweep at 7222.75 (confidence: 20)
11:52:26 [INFO] Sweep: NQM6.CME@RITHMIC bullish_sweep at 27738.50 (confidence: 23)
11:52:26 [INFO] Sweep: NQM6.CME@RITHMIC bearish_sweep at 27736.50 (confidence: 15)
11:52:26 [INFO] Sweep: NQM6.CME@RITHMIC bullish_sweep at 27736.00 (confidence: 23)
11:52:26 [INFO] Sweep: NQM6.CME@RITHMIC bearish_sweep at 27736.50 (confidence: 15)
11:52:26 [INFO] Sweep: NQM6.CME@RITHMIC bearish_sweep at 27737.25 (confidence: 20)
11:52:26 [INFO] Sweep: NQM6.CME@RITHMIC bearish_sweep at 27737.00 (confidence: 15)
11:52:26 [INFO] Sweep: NQM6.CME@RITHMIC bullish_sweep at 27736.50 (confidence: 23)
11:52:26 [INFO] Sweep: NQM6.CME@RITHMIC bullish_sweep at 27736.00 (confidence: 23)
11:52:26 [INFO] Sweep: NQM6.CME@RITHMIC bearish_sweep at 27740.75 (confidence: 15)
11:52:26 [INFO] Sweep: NQM6.CME@RITHMIC bearish_sweep at 27740.75 (confidence: 15)
11:52:31 [INFO] Sweep: NQM6.CME@RITHMIC bearish_sweep at 27737.75 (confidence: 15)
11:52:31 [INFO] Sweep: NQM6.CME@RITHMIC bearish_sweep at 27739.25 (confidence: 15)
11:52:31 [INFO] Sweep: NQM6.CME@RITHMIC bearish_sweep at 27737.50 (confidence: 15)
11:52:31 [INFO] Sweep: NQM6.CME@RITHMIC bearish_sweep at 27737.75 (confidence: 15)
11:52:31 [INFO] Sweep: NQM6.CME@RITHMIC bearish_sweep at 27732.25 (confidence: 15)
11:52:31 [INFO] Sweep: NQM6.CME@RITHMIC bearish_sweep at 27727.25 (confidence: 20)
11:52:31 [INFO] Sweep: NQM6.CME@RITHMIC bearish_sweep at 27735.00 (confidence: 15)
11:52:31 [INFO] Sweep: NQM6.CME@RITHMIC bearish_sweep at 27739.75 (confidence: 15)
11:52:36 [INFO] Sweep: NQM6.CME@RITHMIC bearish_sweep at 27740.75 (confidence: 15)
11:52:36 [INFO] Sweep: NQM6.CME@RITHMIC bearish_sweep at 27738.75 (confidence: 15)
11:52:36 [INFO] Sweep: NQM6.CME@RITHMIC bearish_sweep at 27742.25 (confidence: 15)
11:52:41 [INFO] Sweep: NQM6.CME@RITHMIC bearish_sweep at 27741.75 (confidence: 15)
11:53:01 [INFO] Sweep: NQM6.CME@RITHMIC bearish_sweep at 27739.25 (confidence: 15)
11:54:07 [INFO] Sweep: NQM6.CME@RITHMIC bearish_sweep at 27738.00 (confidence: 15)
11:54:37 [INFO] Diagnostics window written (#7)
11:55:32 [INFO] Sweep: NQM6.CME@RITHMIC bearish_sweep at 27740.50 (confidence: 15)
11:56:43 [INFO] Sweep: NQM6.CME@RITHMIC bearish_sweep at 27750.50 (confidence: 15)
11:57:03 [INFO] Sweep: NQM6.CME@RITHMIC bearish_sweep at 27753.75 (confidence: 15)
11:57:03 [INFO] Sweep: NQM6.CME@RITHMIC bearish_sweep at 27754.25 (confidence: 15)
11:59:14 [INFO] Sweep: NQM6.CME@RITHMIC bearish_sweep at 27760.50 (confidence: 15)
11:59:39 [INFO] Diagnostics window written (#8)
11:59:54 [INFO] Sweep: NQM6.CME@RITHMIC bearish_sweep at 27755.50 (confidence: 15)
11:59:54 [INFO] Sweep: NQM6.CME@RITHMIC bearish_sweep at 27755.50 (confidence: 15)
12:00:05 [INFO] Sweep: NQM6.CME@RITHMIC bearish_sweep at 27762.25 (confidence: 15)
12:00:50 [INFO] Sweep: NQM6.CME@RITHMIC bearish_sweep at 27758.50 (confidence: 15)
12:01:05 [INFO] Sweep: NQM6.CME@RITHMIC bearish_sweep at 27758.00 (confidence: 15)
12:01:10 [INFO] Sweep: NQM6.CME@RITHMIC bullish_sweep at 27753.75 (confidence: 23)
12:01:15 [INFO] Sweep: NQM6.CME@RITHMIC bearish_sweep at 27755.00 (confidence: 15)
12:01:56 [INFO] Sweep: NQM6.CME@RITHMIC bearish_sweep at 27752.25 (confidence: 15)
12:02:31 [INFO] Sweep: NQM6.CME@RITHMIC bearish_sweep at 27755.50 (confidence: 15)
12:02:51 [INFO] Sweep: NQM6.CME@RITHMIC bearish_sweep at 27750.00 (confidence: 15)
12:03:11 [INFO] Sweep: NQM6.CME@RITHMIC bearish_sweep at 27740.50 (confidence: 15)
12:03:21 [INFO] Sweep: NQM6.CME@RITHMIC bearish_sweep at 27748.50 (confidence: 15)
12:04:02 [INFO] Sweep: NQM6.CME@RITHMIC bearish_sweep at 27754.50 (confidence: 15)
12:04:02 [INFO] Sweep: NQM6.CME@RITHMIC bearish_sweep at 27753.25 (confidence: 15)
12:04:37 [INFO] Sweep: NQM6.CME@RITHMIC bullish_sweep at 27751.25 (confidence: 23)
12:04:42 [INFO] Diagnostics window written (#9)
12:04:47 [INFO] Sweep: NQM6.CME@RITHMIC bullish_sweep at 27749.75 (confidence: 23)
12:05:02 [INFO] Sweep: NQM6.CME@RITHMIC bearish_sweep at 27752.00 (confidence: 15)
12:05:07 [INFO] Sweep: NQM6.CME@RITHMIC bearish_sweep at 27751.00 (confidence: 20)
12:05:07 [INFO] Sweep: NQM6.CME@RITHMIC bullish_sweep at 27749.75 (confidence: 23)
12:05:17 [INFO] Sweep: NQM6.CME@RITHMIC bearish_sweep at 27748.00 (confidence: 15)
12:05:17 [INFO] Sweep: NQM6.CME@RITHMIC bearish_sweep at 27748.00 (confidence: 15)
12:05:17 [INFO] Sweep: NQM6.CME@RITHMIC bearish_sweep at 27748.50 (confidence: 15)
12:05:27 [INFO] Sweep: NQM6.CME@RITHMIC bearish_sweep at 27750.25 (confidence: 15)
12:05:58 [INFO] Sweep: NQM6.CME@RITHMIC bearish_sweep at 27755.50 (confidence: 15)
12:05:58 [INFO] Sweep: NQM6.CME@RITHMIC bearish_sweep at 27759.00 (confidence: 20)
12:05:58 [INFO] Sweep: NQM6.CME@RITHMIC bullish_sweep at 27766.00 (confidence: 23)
12:06:03 [INFO] Sweep: NQM6.CME@RITHMIC bearish_sweep at 27766.50 (confidence: 15)
12:06:03 [INFO] Sweep: NQM6.CME@RITHMIC bearish_sweep at 27767.75 (confidence: 15)
12:06:03 [INFO] Sweep: NQM6.CME@RITHMIC bearish_sweep at 27767.50 (confidence: 15)
12:06:08 [INFO] Sweep: NQM6.CME@RITHMIC bearish_sweep at 27773.00 (confidence: 15)
12:06:08 [INFO] Sweep: NQM6.CME@RITHMIC bearish_sweep at 27774.50 (confidence: 15)
12:06:08 [INFO] Sweep: NQM6.CME@RITHMIC bearish_sweep at 27780.75 (confidence: 15)
12:06:08 [INFO] Sweep: NQM6.CME@RITHMIC bearish_sweep at 27781.50 (confidence: 15)
12:06:08 [INFO] Sweep: NQM6.CME@RITHMIC bearish_sweep at 27784.25 (confidence: 15)
12:06:08 [INFO] Sweep: NQM6.CME@RITHMIC bearish_sweep at 27785.00 (confidence: 15)
12:06:08 [INFO] Sweep: NQM6.CME@RITHMIC bearish_sweep at 27784.25 (confidence: 15)
12:06:13 [INFO] Sweep: NQM6.CME@RITHMIC bearish_sweep at 27781.75 (confidence: 15)
12:06:13 [INFO] Sweep: NQM6.CME@RITHMIC bearish_sweep at 27782.75 (confidence: 15)
12:06:13 [INFO] Sweep: NQM6.CME@RITHMIC bearish_sweep at 27779.75 (confidence: 15)
12:06:18 [INFO] Sweep: NQM6.CME@RITHMIC bearish_sweep at 27773.50 (confidence: 15)
12:06:18 [INFO] Sweep: NQM6.CME@RITHMIC bearish_sweep at 27774.50 (confidence: 15)
12:06:23 [INFO] Sweep: NQM6.CME@RITHMIC bearish_sweep at 27774.50 (confidence: 15)
12:06:23 [INFO] Sweep: ESM6.CME@RITHMIC bearish_sweep at 7227.25 (confidence: 15)
12:06:23 [INFO] Sweep: NQM6.CME@RITHMIC bearish_sweep at 27775.00 (confidence: 15)
12:06:23 [INFO] Sweep: NQM6.CME@RITHMIC bearish_sweep at 27776.50 (confidence: 15)
12:06:23 [INFO] Sweep: NQM6.CME@RITHMIC bearish_sweep at 27776.75 (confidence: 15)
12:06:28 [INFO] Sweep: NQM6.CME@RITHMIC bearish_sweep at 27776.25 (confidence: 15)
12:06:33 [INFO] Sweep: NQM6.CME@RITHMIC bearish_sweep at 27774.00 (confidence: 15)
12:06:33 [INFO] Sweep: NQM6.CME@RITHMIC bearish_sweep at 27767.75 (confidence: 20)
12:06:33 [INFO] Sweep: NQM6.CME@RITHMIC bearish_sweep at 27767.75 (confidence: 15)
12:06:33 [INFO] Sweep: NQM6.CME@RITHMIC bearish_sweep at 27766.50 (confidence: 15)
12:06:33 [INFO] Sweep: NQM6.CME@RITHMIC bearish_sweep at 27766.50 (confidence: 15)
12:06:33 [INFO] Sweep: NQM6.CME@RITHMIC bullish_sweep at 27766.50 (confidence: 23)
12:06:33 [INFO] Sweep: NQM6.CME@RITHMIC bearish_sweep at 27766.75 (confidence: 15)
12:06:33 [INFO] Sweep: NQM6.CME@RITHMIC bearish_sweep at 27766.75 (confidence: 15)
12:06:33 [INFO] Sweep: NQM6.CME@RITHMIC bearish_sweep at 27767.50 (confidence: 15)
12:06:33 [INFO] Sweep: NQM6.CME@RITHMIC bearish_sweep at 27767.75 (confidence: 15)
12:06:43 [INFO] Sweep: NQM6.CME@RITHMIC bearish_sweep at 27771.00 (confidence: 15)
12:06:43 [INFO] Sweep: NQM6.CME@RITHMIC bearish_sweep at 27771.00 (confidence: 15)
12:06:53 [INFO] Sweep: NQM6.CME@RITHMIC bearish_sweep at 27772.50 (confidence: 15)
12:07:04 [INFO] Sweep: NQM6.CME@RITHMIC bearish_sweep at 27768.50 (confidence: 15)
12:07:04 [INFO] Sweep: ESM6.CME@RITHMIC bullish_sweep at 7228.50 (confidence: 28)
12:07:04 [INFO] Sweep: NQM6.CME@RITHMIC bearish_sweep at 27771.50 (confidence: 15)
12:07:44 [INFO] Sweep: ESM6.CME@RITHMIC bearish_sweep at 7228.00 (confidence: 20)
12:07:44 [INFO] Sweep: NQM6.CME@RITHMIC bearish_sweep at 27765.25 (confidence: 15)
12:07:44 [INFO] Sweep: NQM6.CME@RITHMIC bearish_sweep at 27763.25 (confidence: 15)
12:07:44 [INFO] Sweep: NQM6.CME@RITHMIC bearish_sweep at 27764.00 (confidence: 15)
12:07:44 [INFO] Sweep: NQM6.CME@RITHMIC bullish_sweep at 27763.75 (confidence: 23)
12:07:44 [INFO] Sweep: NQM6.CME@RITHMIC bearish_sweep at 27761.00 (confidence: 15)
12:07:44 [INFO] Sweep: NQM6.CME@RITHMIC bearish_sweep at 27760.00 (confidence: 15)
12:07:44 [INFO] Sweep: NQM6.CME@RITHMIC bullish_sweep at 27761.50 (confidence: 23)
12:07:44 [INFO] Sweep: NQM6.CME@RITHMIC bearish_sweep at 27759.25 (confidence: 15)
12:07:49 [INFO] Sweep: NQM6.CME@RITHMIC bearish_sweep at 27769.75 (confidence: 15)
12:07:49 [INFO] Sweep: NQM6.CME@RITHMIC bearish_sweep at 27765.50 (confidence: 15)
12:07:49 [INFO] Sweep: NQM6.CME@RITHMIC bearish_sweep at 27764.75 (confidence: 15)
12:07:49 [INFO] Sweep: NQM6.CME@RITHMIC bullish_sweep at 27764.50 (confidence: 23)
12:07:49 [INFO] Sweep: NQM6.CME@RITHMIC bearish_sweep at 27763.50 (confidence: 15)
12:07:49 [INFO] Sweep: NQM6.CME@RITHMIC bearish_sweep at 27763.25 (confidence: 20)
12:07:54 [INFO] Sweep: NQM6.CME@RITHMIC bearish_sweep at 27762.50 (confidence: 20)
12:08:20 [INFO] Sweep: NQM6.CME@RITHMIC bearish_sweep at 27776.25 (confidence: 15)
12:08:30 [INFO] Sweep: NQM6.CME@RITHMIC bearish_sweep at 27778.50 (confidence: 15)
12:08:30 [INFO] Sweep: NQM6.CME@RITHMIC bearish_sweep at 27778.75 (confidence: 15)
12:08:55 [INFO] Sweep: NQM6.CME@RITHMIC bearish_sweep at 27774.50 (confidence: 20)
12:08:55 [INFO] Sweep: NQM6.CME@RITHMIC bearish_sweep at 27773.25 (confidence: 15)
12:09:45 [INFO] Diagnostics window written (#10)
12:10:10 [INFO] Sweep: NQM6.CME@RITHMIC bearish_sweep at 27767.25 (confidence: 15)
12:10:10 [INFO] Sweep: NQM6.CME@RITHMIC bearish_sweep at 27765.25 (confidence: 15)
12:10:15 [INFO] Sweep: NQM6.CME@RITHMIC bearish_sweep at 27765.00 (confidence: 15)
12:12:42 [INFO] Sweep: NQM6.CME@RITHMIC bearish_sweep at 27770.00 (confidence: 15)
12:13:07 [INFO] Sweep: NQM6.CME@RITHMIC bearish_sweep at 27772.00 (confidence: 15)
12:13:32 [INFO] Sweep: NQM6.CME@RITHMIC bearish_sweep at 27771.75 (confidence: 15)
12:13:42 [INFO] Sweep: NQM6.CME@RITHMIC bullish_sweep at 27770.50 (confidence: 23)
12:13:42 [INFO] Sweep: NQM6.CME@RITHMIC bullish_sweep at 27770.00 (confidence: 23)
12:14:07 [INFO] Sweep: NQM6.CME@RITHMIC bullish_sweep at 27770.50 (confidence: 23)
12:14:47 [INFO] Diagnostics window written (#11)
12:16:08 [INFO] Sweep: NQM6.CME@RITHMIC bearish_sweep at 27777.00 (confidence: 15)
12:17:08 [INFO] Sweep: NQM6.CME@RITHMIC bearish_sweep at 27781.00 (confidence: 15)
12:17:08 [INFO] Sweep: NQM6.CME@RITHMIC bearish_sweep at 27781.25 (confidence: 15)
12:17:18 [INFO] Sweep: NQM6.CME@RITHMIC bearish_sweep at 27782.50 (confidence: 15)
12:17:59 [INFO] Sweep: NQM6.CME@RITHMIC bearish_sweep at 27776.25 (confidence: 15)
12:18:19 [INFO] Sweep: NQM6.CME@RITHMIC bearish_sweep at 27772.50 (confidence: 15)
12:18:29 [INFO] Sweep: NQM6.CME@RITHMIC bearish_sweep at 27778.25 (confidence: 15)
12:19:19 [INFO] Sweep: NQM6.CME@RITHMIC bearish_sweep at 27776.00 (confidence: 15)
12:19:39 [INFO] Sweep: NQM6.CME@RITHMIC bullish_sweep at 27770.50 (confidence: 23)
12:19:49 [INFO] Diagnostics window written (#12)
12:20:09 [INFO] Sweep: NQM6.CME@RITHMIC bullish_sweep at 27766.75 (confidence: 23)
12:20:09 [INFO] Sweep: NQM6.CME@RITHMIC bearish_sweep at 27765.75 (confidence: 15)
12:20:09 [INFO] Sweep: NQM6.CME@RITHMIC bearish_sweep at 27765.00 (confidence: 15)
12:20:19 [INFO] Sweep: NQM6.CME@RITHMIC bearish_sweep at 27768.25 (confidence: 15)
12:21:30 [INFO] Sweep: NQM6.CME@RITHMIC bearish_sweep at 27769.75 (confidence: 15)
12:22:25 [INFO] Sweep: NQM6.CME@RITHMIC bearish_sweep at 27766.50 (confidence: 15)
12:23:46 [INFO] Sweep: NQM6.CME@RITHMIC bearish_sweep at 27765.00 (confidence: 15)
12:24:51 [INFO] Diagnostics window written (#13)
12:25:47 [INFO] Sweep: NQM6.CME@RITHMIC bearish_sweep at 27762.25 (confidence: 20)
12:25:47 [INFO] Sweep: NQM6.CME@RITHMIC bearish_sweep at 27764.00 (confidence: 15)
12:25:47 [INFO] Sweep: NQM6.CME@RITHMIC bearish_sweep at 27760.00 (confidence: 20)
12:25:47 [INFO] Sweep: NQM6.CME@RITHMIC bullish_sweep at 27759.00 (confidence: 23)
12:25:47 [INFO] Sweep: NQM6.CME@RITHMIC bullish_sweep at 27757.00 (confidence: 23)
12:25:47 [INFO] Sweep: NQM6.CME@RITHMIC bearish_sweep at 27757.50 (confidence: 15)
12:25:47 [INFO] Sweep: NQM6.CME@RITHMIC bearish_sweep at 27756.50 (confidence: 15)
12:25:47 [INFO] Sweep: NQM6.CME@RITHMIC bearish_sweep at 27750.25 (confidence: 15)
12:25:47 [INFO] Sweep: NQM6.CME@RITHMIC bearish_sweep at 27753.50 (confidence: 15)
12:25:47 [INFO] Sweep: NQM6.CME@RITHMIC bullish_sweep at 27753.50 (confidence: 23)
12:25:47 [INFO] Sweep: NQM6.CME@RITHMIC bearish_sweep at 27756.75 (confidence: 15)
12:25:47 [INFO] Sweep: NQM6.CME@RITHMIC bearish_sweep at 27760.25 (confidence: 15)
12:26:02 [INFO] Sweep: NQM6.CME@RITHMIC bearish_sweep at 27765.75 (confidence: 15)
12:26:12 [INFO] Sweep: NQM6.CME@RITHMIC bearish_sweep at 27758.25 (confidence: 15)
12:26:22 [INFO] Sweep: NQM6.CME@RITHMIC bearish_sweep at 27760.50 (confidence: 15)
12:26:42 [INFO] Sweep: NQM6.CME@RITHMIC bearish_sweep at 27765.50 (confidence: 15)
12:27:28 [INFO] Sweep: NQM6.CME@RITHMIC bearish_sweep at 27772.25 (confidence: 15)
12:28:33 [INFO] Sweep: NQM6.CME@RITHMIC bearish_sweep at 27777.25 (confidence: 15)
12:28:33 [INFO] Sweep: NQM6.CME@RITHMIC bullish_sweep at 27777.75 (confidence: 23)
12:28:38 [INFO] Sweep: NQM6.CME@RITHMIC bearish_sweep at 27781.00 (confidence: 15)
12:28:38 [INFO] Sweep: NQM6.CME@RITHMIC bearish_sweep at 27782.50 (confidence: 15)
12:28:38 [INFO] Sweep: NQM6.CME@RITHMIC bearish_sweep at 27784.25 (confidence: 15)
12:28:38 [INFO] Sweep: NQM6.CME@RITHMIC bearish_sweep at 27784.25 (confidence: 15)
12:29:03 [INFO] Sweep: NQM6.CME@RITHMIC bearish_sweep at 27783.75 (confidence: 15)
12:29:08 [INFO] Sweep: NQM6.CME@RITHMIC bearish_sweep at 27785.25 (confidence: 15)
12:29:08 [INFO] Sweep: NQM6.CME@RITHMIC bearish_sweep at 27785.50 (confidence: 15)
12:29:38 [INFO] Sweep: NQM6.CME@RITHMIC bearish_sweep at 27781.00 (confidence: 15)
12:29:54 [INFO] Diagnostics window written (#14)
12:29:59 [INFO] Sweep: NQM6.CME@RITHMIC bearish_sweep at 27777.50 (confidence: 15)
12:30:09 [INFO] Sweep: NQM6.CME@RITHMIC bearish_sweep at 27782.25 (confidence: 15)
12:31:44 [INFO] Sweep: NQM6.CME@RITHMIC bearish_sweep at 27785.50 (confidence: 15)
12:32:45 [INFO] Sweep: NQM6.CME@RITHMIC bearish_sweep at 27783.50 (confidence: 15)
12:33:50 [INFO] Sweep: NQM6.CME@RITHMIC bullish_sweep at 27789.25 (confidence: 23)
12:34:36 [INFO] Sweep: NQM6.CME@RITHMIC bearish_sweep at 27787.50 (confidence: 15)
12:34:46 [INFO] Sweep: NQM6.CME@RITHMIC bearish_sweep at 27789.50 (confidence: 15)
12:34:56 [INFO] Diagnostics window written (#15)
12:35:11 [INFO] Sweep: NQM6.CME@RITHMIC bearish_sweep at 27784.25 (confidence: 15)
12:35:11 [INFO] Sweep: NQM6.CME@RITHMIC bullish_sweep at 27783.00 (confidence: 23)
12:38:52 [INFO] Sweep: NQM6.CME@RITHMIC bearish_sweep at 27785.25 (confidence: 15)
12:39:02 [INFO] Sweep: NQM6.CME@RITHMIC bearish_sweep at 27778.00 (confidence: 15)
12:39:17 [INFO] Sweep: NQM6.CME@RITHMIC bullish_sweep at 27779.50 (confidence: 23)
12:39:27 [INFO] Sweep: NQM6.CME@RITHMIC bearish_sweep at 27778.75 (confidence: 15)
12:39:37 [INFO] Sweep: NQM6.CME@RITHMIC bearish_sweep at 27778.00 (confidence: 15)
12:39:58 [INFO] Diagnostics window written (#16)
12:41:18 [INFO] Sweep: NQM6.CME@RITHMIC bearish_sweep at 27774.25 (confidence: 15)
12:41:43 [INFO] Sweep: NQM6.CME@RITHMIC bearish_sweep at 27767.25 (confidence: 20)
12:41:58 [INFO] Sweep: NQM6.CME@RITHMIC bearish_sweep at 27767.50 (confidence: 15)
12:42:03 [INFO] Sweep: NQM6.CME@RITHMIC bearish_sweep at 27763.50 (confidence: 15)
12:42:19 [INFO] Sweep: NQM6.CME@RITHMIC bearish_sweep at 27764.75 (confidence: 15)
12:42:44 [INFO] Sweep: NQM6.CME@RITHMIC bearish_sweep at 27768.00 (confidence: 15)
12:42:59 [INFO] Sweep: NQM6.CME@RITHMIC bearish_sweep at 27770.00 (confidence: 15)
12:43:34 [INFO] Sweep: NQM6.CME@RITHMIC bearish_sweep at 27766.50 (confidence: 15)
12:43:39 [INFO] Sweep: NQM6.CME@RITHMIC bearish_sweep at 27766.75 (confidence: 15)
12:43:59 [INFO] Sweep: NQM6.CME@RITHMIC bearish_sweep at 27766.75 (confidence: 15)
12:44:04 [INFO] Sweep: NQM6.CME@RITHMIC bearish_sweep at 27763.25 (confidence: 15)
12:44:59 [INFO] Diagnostics window written (#17)
12:45:05 [INFO] Sweep: NQM6.CME@RITHMIC bearish_sweep at 27766.50 (confidence: 15)
12:46:00 [INFO] Sweep: NQM6.CME@RITHMIC bearish_sweep at 27763.75 (confidence: 15)
12:46:10 [INFO] Sweep: NQM6.CME@RITHMIC bearish_sweep at 27760.25 (confidence: 15)
12:46:40 [INFO] Sweep: NQM6.CME@RITHMIC bearish_sweep at 27767.25 (confidence: 15)
12:47:15 [INFO] Sweep: NQM6.CME@RITHMIC bearish_sweep at 27771.75 (confidence: 15)
12:47:31 [INFO] Sweep: NQM6.CME@RITHMIC bearish_sweep at 27776.50 (confidence: 15)
12:47:36 [INFO] Sweep: NQM6.CME@RITHMIC bearish_sweep at 27778.50 (confidence: 15)
12:47:56 [INFO] Sweep: NQM6.CME@RITHMIC bearish_sweep at 27780.00 (confidence: 15)
12:48:41 [INFO] Sweep: NQM6.CME@RITHMIC bearish_sweep at 27780.50 (confidence: 15)
12:50:02 [INFO] Sweep: NQM6.CME@RITHMIC bearish_sweep at 27788.50 (confidence: 15)
12:50:02 [INFO] Sweep: ESM6.CME@RITHMIC bearish_sweep at 7229.75 (confidence: 15)
12:50:02 [INFO] Sweep: NQM6.CME@RITHMIC bearish_sweep at 27791.50 (confidence: 15)
12:50:02 [INFO] Sweep: NQM6.CME@RITHMIC bearish_sweep at 27792.50 (confidence: 15)
12:50:02 [INFO] Sweep: NQM6.CME@RITHMIC bullish_sweep at 27782.50 (confidence: 23)
12:50:02 [INFO] Sweep: NQM6.CME@RITHMIC bearish_sweep at 27778.75 (confidence: 15)
12:50:02 [INFO] Sweep: NQM6.CME@RITHMIC bearish_sweep at 27776.00 (confidence: 15)
12:50:02 [INFO] Sweep: NQM6.CME@RITHMIC bullish_sweep at 27768.00 (confidence: 23)
12:50:02 [INFO] Sweep: NQM6.CME@RITHMIC bearish_sweep at 27769.25 (confidence: 15)
12:50:02 [INFO] Sweep: NQM6.CME@RITHMIC bearish_sweep at 27766.50 (confidence: 15)
12:50:02 [INFO] Sweep: NQM6.CME@RITHMIC bearish_sweep at 27768.50 (confidence: 15)
12:50:02 [INFO] Sweep: NQM6.CME@RITHMIC bullish_sweep at 27765.00 (confidence: 23)
12:50:02 [INFO] Sweep: NQM6.CME@RITHMIC bearish_sweep at 27765.00 (confidence: 20)
12:50:02 [INFO] Sweep: NQM6.CME@RITHMIC bullish_sweep at 27769.00 (confidence: 23)
12:50:02 [INFO] Diagnostics window written (#18)
12:50:07 [INFO] Sweep: NQM6.CME@RITHMIC bearish_sweep at 27764.75 (confidence: 15)
12:50:22 [INFO] Sweep: NQM6.CME@RITHMIC bearish_sweep at 27770.00 (confidence: 20)
12:50:37 [INFO] Sweep: NQM6.CME@RITHMIC bearish_sweep at 27770.25 (confidence: 15)
12:50:47 [INFO] Sweep: NQM6.CME@RITHMIC bullish_sweep at 27766.00 (confidence: 23)
12:50:52 [INFO] Sweep: NQM6.CME@RITHMIC bearish_sweep at 27763.75 (confidence: 15)
12:50:52 [INFO] Sweep: NQM6.CME@RITHMIC bearish_sweep at 27765.75 (confidence: 15)
12:50:57 [INFO] Sweep: NQM6.CME@RITHMIC bullish_sweep at 27764.00 (confidence: 23)
12:50:57 [INFO] Sweep: NQM6.CME@RITHMIC bearish_sweep at 27763.00 (confidence: 15)
12:51:02 [INFO] Sweep: NQM6.CME@RITHMIC bearish_sweep at 27762.50 (confidence: 15)
12:51:02 [INFO] Sweep: NQM6.CME@RITHMIC bearish_sweep at 27762.50 (confidence: 15)
12:51:02 [INFO] Sweep: NQM6.CME@RITHMIC bearish_sweep at 27762.75 (confidence: 15)
12:51:07 [INFO] Sweep: NQM6.CME@RITHMIC bearish_sweep at 27764.00 (confidence: 15)
12:51:23 [INFO] Sweep: NQM6.CME@RITHMIC bearish_sweep at 27765.50 (confidence: 15)
12:51:28 [INFO] Sweep: NQM6.CME@RITHMIC bearish_sweep at 27763.75 (confidence: 15)
12:52:03 [INFO] Sweep: NQM6.CME@RITHMIC bearish_sweep at 27767.75 (confidence: 15)
12:52:08 [INFO] Sweep: NQM6.CME@RITHMIC bearish_sweep at 27764.50 (confidence: 15)
12:52:18 [INFO] Sweep: NQM6.CME@RITHMIC bearish_sweep at 27771.25 (confidence: 15)
12:52:33 [INFO] Sweep: NQM6.CME@RITHMIC bearish_sweep at 27764.75 (confidence: 15)
12:52:33 [INFO] Sweep: NQM6.CME@RITHMIC bearish_sweep at 27762.75 (confidence: 15)
12:52:43 [INFO] Sweep: NQM6.CME@RITHMIC bearish_sweep at 27761.25 (confidence: 15)
12:52:48 [INFO] Sweep: NQM6.CME@RITHMIC bearish_sweep at 27758.75 (confidence: 15)
12:52:48 [INFO] Sweep: NQM6.CME@RITHMIC bearish_sweep at 27758.25 (confidence: 15)
12:52:58 [INFO] Sweep: NQM6.CME@RITHMIC bearish_sweep at 27761.25 (confidence: 15)
12:53:03 [INFO] Sweep: NQM6.CME@RITHMIC bearish_sweep at 27755.75 (confidence: 15)
12:53:14 [INFO] Sweep: NQM6.CME@RITHMIC bearish_sweep at 27759.00 (confidence: 15)
12:53:24 [INFO] Sweep: NQM6.CME@RITHMIC bearish_sweep at 27757.00 (confidence: 15)
12:54:04 [INFO] Sweep: NQM6.CME@RITHMIC bullish_sweep at 27760.00 (confidence: 23)
12:54:14 [INFO] Sweep: NQM6.CME@RITHMIC bullish_sweep at 27755.50 (confidence: 23)
12:54:14 [INFO] Sweep: NQM6.CME@RITHMIC bearish_sweep at 27755.00 (confidence: 20)
12:54:19 [INFO] Sweep: NQM6.CME@RITHMIC bearish_sweep at 27756.00 (confidence: 15)
12:54:24 [INFO] Sweep: NQM6.CME@RITHMIC bearish_sweep at 27754.75 (confidence: 15)
12:54:34 [INFO] Sweep: NQM6.CME@RITHMIC bearish_sweep at 27754.25 (confidence: 15)
12:54:44 [INFO] Sweep: NQM6.CME@RITHMIC bearish_sweep at 27753.50 (confidence: 20)
12:54:44 [INFO] Sweep: NQM6.CME@RITHMIC bearish_sweep at 27753.75 (confidence: 15)
12:54:44 [INFO] Sweep: NQM6.CME@RITHMIC bearish_sweep at 27752.75 (confidence: 15)
12:54:44 [INFO] Sweep: NQM6.CME@RITHMIC bearish_sweep at 27752.00 (confidence: 15)
12:54:49 [INFO] Sweep: NQM6.CME@RITHMIC bearish_sweep at 27751.75 (confidence: 15)
12:54:49 [INFO] Sweep: NQM6.CME@RITHMIC bearish_sweep at 27751.75 (confidence: 15)
12:55:05 [INFO] Sweep: NQM6.CME@RITHMIC bearish_sweep at 27756.00 (confidence: 15)
12:55:05 [INFO] Sweep: NQM6.CME@RITHMIC bearish_sweep at 27759.00 (confidence: 15)
12:55:05 [INFO] Sweep: NQM6.CME@RITHMIC bearish_sweep at 27760.75 (confidence: 15)
12:55:05 [INFO] Sweep: NQM6.CME@RITHMIC bullish_sweep at 27760.50 (confidence: 23)
12:55:05 [INFO] Sweep: NQM6.CME@RITHMIC bearish_sweep at 27760.75 (confidence: 15)
12:55:05 [INFO] Sweep: NQM6.CME@RITHMIC bearish_sweep at 27760.75 (confidence: 15)
12:55:05 [INFO] Sweep: NQM6.CME@RITHMIC bearish_sweep at 27764.25 (confidence: 15)
12:55:05 [INFO] Sweep: NQM6.CME@RITHMIC bearish_sweep at 27764.25 (confidence: 15)
12:55:05 [INFO] Sweep: NQM6.CME@RITHMIC bullish_sweep at 27763.00 (confidence: 23)
12:55:05 [INFO] Sweep: NQM6.CME@RITHMIC bearish_sweep at 27763.25 (confidence: 15)
12:55:05 [INFO] Sweep: NQM6.CME@RITHMIC bullish_sweep at 27763.25 (confidence: 23)
12:55:05 [INFO] Sweep: NQM6.CME@RITHMIC bullish_sweep at 27760.75 (confidence: 23)
12:55:05 [INFO] Sweep: NQM6.CME@RITHMIC bullish_sweep at 27759.25 (confidence: 23)
12:55:05 [INFO] Sweep: NQM6.CME@RITHMIC bearish_sweep at 27753.50 (confidence: 15)
12:55:05 [INFO] Diagnostics window written (#19)
12:55:15 [INFO] Sweep: NQM6.CME@RITHMIC bearish_sweep at 27749.50 (confidence: 15)
12:55:15 [INFO] Sweep: NQM6.CME@RITHMIC bearish_sweep at 27748.25 (confidence: 15)
12:55:15 [INFO] Sweep: NQM6.CME@RITHMIC bearish_sweep at 27748.50 (confidence: 15)
12:55:30 [INFO] Sweep: ESM6.CME@RITHMIC bullish_sweep at 7225.50 (confidence: 23)
12:55:40 [INFO] Sweep: NQM6.CME@RITHMIC bearish_sweep at 27752.50 (confidence: 15)
12:56:10 [INFO] Sweep: NQM6.CME@RITHMIC bearish_sweep at 27751.50 (confidence: 15)
12:56:25 [INFO] Sweep: NQM6.CME@RITHMIC bearish_sweep at 27750.00 (confidence: 15)
12:58:16 [INFO] Sweep: NQM6.CME@RITHMIC bearish_sweep at 27765.50 (confidence: 15)
12:58:36 [INFO] Sweep: NQM6.CME@RITHMIC bearish_sweep at 27766.25 (confidence: 15)
12:58:51 [INFO] Sweep: NQM6.CME@RITHMIC bearish_sweep at 27768.75 (confidence: 15)
12:58:51 [INFO] Sweep: NQM6.CME@RITHMIC bearish_sweep at 27768.50 (confidence: 15)
12:58:51 [INFO] Sweep: NQM6.CME@RITHMIC bearish_sweep at 27768.50 (confidence: 15)
12:59:01 [INFO] Sweep: NQM6.CME@RITHMIC bearish_sweep at 27770.25 (confidence: 15)
12:59:01 [INFO] Sweep: NQM6.CME@RITHMIC bearish_sweep at 27771.25 (confidence: 15)
12:59:01 [INFO] Sweep: NQM6.CME@RITHMIC bearish_sweep at 27772.25 (confidence: 15)
12:59:07 [INFO] Sweep: NQM6.CME@RITHMIC bearish_sweep at 27771.00 (confidence: 15)
12:59:12 [INFO] Sweep: NQM6.CME@RITHMIC bearish_sweep at 27774.75 (confidence: 15)
12:59:12 [INFO] Sweep: NQM6.CME@RITHMIC bearish_sweep at 27774.50 (confidence: 15)
12:59:32 [INFO] Sweep: NQM6.CME@RITHMIC bearish_sweep at 27775.00 (confidence: 15)
12:59:32 [INFO] Sweep: NQM6.CME@RITHMIC bullish_sweep at 27775.00 (confidence: 23)
12:59:42 [INFO] Sweep: NQM6.CME@RITHMIC bearish_sweep at 27777.00 (confidence: 15)
12:59:42 [INFO] Sweep: NQM6.CME@RITHMIC bearish_sweep at 27775.00 (confidence: 15)
12:59:42 [INFO] Sweep: NQM6.CME@RITHMIC bearish_sweep at 27774.75 (confidence: 15)
12:59:47 [INFO] Sweep: NQM6.CME@RITHMIC bearish_sweep at 27775.25 (confidence: 15)
12:59:57 [INFO] Sweep: NQM6.CME@RITHMIC bearish_sweep at 27776.75 (confidence: 15)
12:59:57 [INFO] Sweep: NQM6.CME@RITHMIC bearish_sweep at 27777.25 (confidence: 15)
13:00:02 [INFO] [16:00:02 ET] Market closed. Sleeping...
13:01:02 [INFO] [16:01:02 ET] Market closed. Sleeping...
13:02:02 [INFO] [16:02:02 ET] Market closed. Sleeping...
13:03:02 [INFO] [16:03:02 ET] Market closed. Sleeping...
13:04:02 [INFO] [16:04:02 ET] Market closed. Sleeping...
13:05:02 [INFO] [16:05:02 ET] Market closed. Sleeping...
13:06:02 [INFO] [16:06:02 ET] Market closed. Sleeping...
13:07:02 [INFO] [16:07:02 ET] Market closed. Sleeping...
13:08:02 [INFO] [16:08:02 ET] Market closed. Sleeping...
13:09:02 [INFO] [16:09:02 ET] Market closed. Sleeping...
13:10:02 [INFO] [16:10:02 ET] Market closed. Sleeping...
13:11:02 [INFO] [16:11:02 ET] Market closed. Sleeping...
13:12:02 [INFO] [16:12:02 ET] Market closed. Sleeping...
13:13:02 [INFO] [16:13:02 ET] Market closed. Sleeping...
13:14:02 [INFO] [16:14:02 ET] Market closed. Sleeping...
13:15:02 [INFO] [16:15:02 ET] Market closed. Sleeping...
13:16:02 [INFO] [16:16:02 ET] Market closed. Sleeping...
13:17:02 [INFO] [16:17:02 ET] Market closed. Sleeping...
13:18:02 [INFO] [16:18:02 ET] Market closed. Sleeping...
13:19:02 [INFO] [16:19:02 ET] Market closed. Sleeping...
13:20:02 [INFO] [16:20:02 ET] Market closed. Sleeping...
13:21:02 [INFO] [16:21:02 ET] Market closed. Sleeping...
13:22:02 [INFO] [16:22:02 ET] Market closed. Sleeping...
13:23:02 [INFO] [16:23:02 ET] Market closed. Sleeping...
13:24:02 [INFO] [16:24:02 ET] Market closed. Sleeping...
13:25:02 [INFO] [16:25:02 ET] Market closed. Sleeping...
13:26:02 [INFO] [16:26:02 ET] Market closed. Sleeping...
13:27:02 [INFO] [16:27:02 ET] Market closed. Sleeping...
13:28:02 [INFO] [16:28:02 ET] Market closed. Sleeping...
13:29:02 [INFO] [16:29:02 ET] Market closed. Sleeping...
13:30:02 [INFO] [16:30:02 ET] Market closed. Sleeping...
13:31:02 [INFO] [16:31:02 ET] Market closed. Sleeping...
13:32:02 [INFO] [16:32:02 ET] Market closed. Sleeping...
13:33:02 [INFO] [16:33:02 ET] Market closed. Sleeping...
13:34:02 [INFO] [16:34:02 ET] Market closed. Sleeping...
13:35:02 [INFO] [16:35:02 ET] Market closed. Sleeping...
13:36:02 [INFO] [16:36:02 ET] Market closed. Sleeping...
13:37:02 [INFO] [16:37:02 ET] Market closed. Sleeping...
13:38:02 [INFO] [16:38:02 ET] Market closed. Sleeping...
13:39:02 [INFO] [16:39:02 ET] Market closed. Sleeping...
13:40:02 [INFO] [16:40:02 ET] Market closed. Sleeping...
13:41:02 [INFO] [16:41:02 ET] Market closed. Sleeping...
13:42:02 [INFO] [16:42:02 ET] Market closed. Sleeping...
13:43:02 [INFO] [16:43:02 ET] Market closed. Sleeping...
13:44:02 [INFO] [16:44:02 ET] Market closed. Sleeping...
13:45:02 [INFO] [16:45:02 ET] Market closed. Sleeping...
13:46:02 [INFO] [16:46:02 ET] Market closed. Sleeping...
13:47:02 [INFO] [16:47:02 ET] Market closed. Sleeping...
13:48:02 [INFO] [16:48:02 ET] Market closed. Sleeping...
13:49:02 [INFO] [16:49:02 ET] Market closed. Sleeping...
13:50:02 [INFO] [16:50:02 ET] Market closed. Sleeping...
13:51:02 [INFO] [16:51:02 ET] Market closed. Sleeping...
13:52:02 [INFO] [16:52:02 ET] Market closed. Sleeping...
13:53:02 [INFO] [16:53:02 ET] Market closed. Sleeping...
13:54:02 [INFO] [16:54:02 ET] Market closed. Sleeping...
13:55:02 [INFO] [16:55:02 ET] Market closed. Sleeping...
13:56:02 [INFO] [16:56:02 ET] Market closed. Sleeping...
13:57:02 [INFO] [16:57:02 ET] Market closed. Sleeping...
13:58:02 [INFO] [16:58:02 ET] Market closed. Sleeping...
13:59:02 [INFO] [16:59:02 ET] Market closed. Sleeping...
14:00:02 [INFO] [17:00:02 ET] Market closed. Sleeping...
14:01:02 [INFO] [17:01:02 ET] Market closed. Sleeping...
14:02:02 [INFO] [17:02:02 ET] Market closed. Sleeping...
14:03:02 [INFO] [17:03:02 ET] Market closed. Sleeping...
14:04:02 [INFO] [17:04:02 ET] Market closed. Sleeping...
14:05:03 [INFO] [17:05:03 ET] Market closed. Sleeping...
14:06:03 [INFO] [17:06:03 ET] Market closed. Sleeping...
14:07:03 [INFO] [17:07:03 ET] Market closed. Sleeping...
14:08:03 [INFO] [17:08:03 ET] Market closed. Sleeping...
14:09:03 [INFO] [17:09:03 ET] Market closed. Sleeping...
14:10:03 [INFO] [17:10:03 ET] Market closed. Sleeping...
14:11:03 [INFO] [17:11:03 ET] Market closed. Sleeping...
14:12:03 [INFO] [17:12:03 ET] Market closed. Sleeping...
14:13:03 [INFO] [17:13:03 ET] Market closed. Sleeping...
14:14:03 [INFO] [17:14:03 ET] Market closed. Sleeping...
14:15:03 [INFO] [17:15:03 ET] Market closed. Sleeping...
14:16:03 [INFO] [17:16:03 ET] Market closed. Sleeping...
14:17:03 [INFO] [17:17:03 ET] Market closed. Sleeping...
14:18:03 [INFO] [17:18:03 ET] Market closed. Sleeping...
14:19:03 [INFO] [17:19:03 ET] Market closed. Sleeping...
14:20:03 [INFO] [17:20:03 ET] Market closed. Sleeping...
14:21:03 [INFO] [17:21:03 ET] Market closed. Sleeping...
14:22:03 [INFO] [17:22:03 ET] Market closed. Sleeping...
14:23:03 [INFO] [17:23:03 ET] Market closed. Sleeping...
14:24:03 [INFO] [17:24:03 ET] Market closed. Sleeping...
14:25:03 [INFO] [17:25:03 ET] Market closed. Sleeping...
14:26:03 [INFO] [17:26:03 ET] Market closed. Sleeping...
14:27:03 [INFO] [17:27:03 ET] Market closed. Sleeping...
14:28:03 [INFO] [17:28:03 ET] Market closed. Sleeping...
14:29:03 [INFO] [17:29:03 ET] Market closed. Sleeping...
14:30:03 [INFO] [17:30:03 ET] Market closed. Sleeping...
14:31:03 [INFO] [17:31:03 ET] Market closed. Sleeping...
14:32:03 [INFO] [17:32:03 ET] Market closed. Sleeping...
14:33:03 [INFO] [17:33:03 ET] Market closed. Sleeping...
14:34:03 [INFO] [17:34:03 ET] Market closed. Sleeping...
14:35:03 [INFO] [17:35:03 ET] Market closed. Sleeping...
14:36:03 [INFO] [17:36:03 ET] Market closed. Sleeping...
14:37:03 [INFO] [17:37:03 ET] Market closed. Sleeping...
14:38:03 [INFO] [17:38:03 ET] Market closed. Sleeping...
14:39:03 [INFO] [17:39:03 ET] Market closed. Sleeping...
14:40:03 [INFO] [17:40:03 ET] Market closed. Sleeping...
14:41:03 [INFO] [17:41:03 ET] Market closed. Sleeping...
14:42:03 [INFO] [17:42:03 ET] Market closed. Sleeping...
14:43:03 [INFO] [17:43:03 ET] Market closed. Sleeping...
14:44:03 [INFO] [17:44:03 ET] Market closed. Sleeping...
14:45:03 [INFO] [17:45:03 ET] Market closed. Sleeping...
14:46:03 [INFO] [17:46:03 ET] Market closed. Sleeping...
14:47:03 [INFO] [17:47:03 ET] Market closed. Sleeping...
14:48:03 [INFO] [17:48:03 ET] Market closed. Sleeping...
14:49:03 [INFO] [17:49:03 ET] Market closed. Sleeping...
14:50:03 [INFO] [17:50:03 ET] Market closed. Sleeping...
14:51:03 [INFO] [17:51:03 ET] Market closed. Sleeping...
14:52:03 [INFO] [17:52:03 ET] Market closed. Sleeping...
14:53:03 [INFO] [17:53:03 ET] Market closed. Sleeping...
14:54:03 [INFO] [17:54:03 ET] Market closed. Sleeping...
14:55:03 [INFO] [17:55:03 ET] Market closed. Sleeping...
14:56:03 [INFO] [17:56:03 ET] Market closed. Sleeping...
14:57:03 [INFO] [17:57:03 ET] Market closed. Sleeping...
14:58:03 [INFO] [17:58:03 ET] Market closed. Sleeping...
14:59:03 [INFO] [17:59:03 ET] Market closed. Sleeping...
15:00:03 [INFO] [18:00:03 ET] Market closed. Sleeping...
15:01:03 [INFO] [18:01:03 ET] Market closed. Sleeping...
15:02:03 [INFO] [18:02:03 ET] Market closed. Sleeping...
15:03:03 [INFO] [18:03:03 ET] Market closed. Sleeping...
15:04:03 [INFO] [18:04:03 ET] Market closed. Sleeping...
15:05:03 [INFO] [18:05:03 ET] Market closed. Sleeping...
15:06:03 [INFO] [18:06:03 ET] Market closed. Sleeping...
15:07:03 [INFO] [18:07:03 ET] Market closed. Sleeping...
15:08:03 [INFO] [18:08:03 ET] Market closed. Sleeping...
15:09:03 [INFO] [18:09:03 ET] Market closed. Sleeping...
15:10:03 [INFO] [18:10:03 ET] Market closed. Sleeping...
15:11:03 [INFO] [18:11:03 ET] Market closed. Sleeping...
15:12:03 [INFO] [18:12:03 ET] Market closed. Sleeping...
15:13:03 [INFO] [18:13:03 ET] Market closed. Sleeping...
15:14:03 [INFO] [18:14:03 ET] Market closed. Sleeping...
15:15:03 [INFO] [18:15:03 ET] Market closed. Sleeping...
15:16:03 [INFO] [18:16:03 ET] Market closed. Sleeping...
15:17:03 [INFO] [18:17:03 ET] Market closed. Sleeping...
15:18:03 [INFO] [18:18:03 ET] Market closed. Sleeping...
15:19:03 [INFO] [18:19:03 ET] Market closed. Sleeping...
15:20:03 [INFO] [18:20:03 ET] Market closed. Sleeping...
15:21:03 [INFO] [18:21:03 ET] Market closed. Sleeping...
15:22:03 [INFO] [18:22:03 ET] Market closed. Sleeping...
15:23:03 [INFO] [18:23:03 ET] Market closed. Sleeping...
15:24:03 [INFO] [18:24:03 ET] Market closed. Sleeping...
15:25:03 [INFO] [18:25:03 ET] Market closed. Sleeping...
15:26:03 [INFO] [18:26:03 ET] Market closed. Sleeping...
15:27:03 [INFO] [18:27:03 ET] Market closed. Sleeping...
15:28:03 [INFO] [18:28:03 ET] Market closed. Sleeping...
15:29:03 [INFO] [18:29:03 ET] Market closed. Sleeping...
15:30:03 [INFO] [18:30:03 ET] Market closed. Sleeping...
15:31:03 [INFO] [18:31:03 ET] Market closed. Sleeping...
15:32:03 [INFO] [18:32:03 ET] Market closed. Sleeping...
15:33:03 [INFO] [18:33:03 ET] Market closed. Sleeping...
15:34:03 [INFO] [18:34:03 ET] Market closed. Sleeping...
15:35:03 [INFO] [18:35:03 ET] Market closed. Sleeping...
15:36:03 [INFO] [18:36:03 ET] Market closed. Sleeping...
15:37:03 [INFO] [18:37:03 ET] Market closed. Sleeping...
15:38:03 [INFO] [18:38:03 ET] Market closed. Sleeping...
15:39:03 [INFO] [18:39:03 ET] Market closed. Sleeping...
15:40:03 [INFO] [18:40:03 ET] Market closed. Sleeping...
15:41:03 [INFO] [18:41:03 ET] Market closed. Sleeping...
15:42:03 [INFO] [18:42:03 ET] Market closed. Sleeping...
15:43:03 [INFO] [18:43:03 ET] Market closed. Sleeping...
15:44:03 [INFO] [18:44:03 ET] Market closed. Sleeping...
15:45:03 [INFO] [18:45:03 ET] Market closed. Sleeping...
15:46:03 [INFO] [18:46:03 ET] Market closed. Sleeping...
15:47:03 [INFO] [18:47:03 ET] Market closed. Sleeping...
15:48:03 [INFO] [18:48:03 ET] Market closed. Sleeping...
15:49:03 [INFO] [18:49:03 ET] Market closed. Sleeping...
15:50:03 [INFO] [18:50:03 ET] Market closed. Sleeping...
15:51:03 [INFO] [18:51:03 ET] Market closed. Sleeping...
15:52:03 [INFO] [18:52:03 ET] Market closed. Sleeping...
15:53:03 [INFO] [18:53:03 ET] Market closed. Sleeping...
15:54:03 [INFO] [18:54:03 ET] Market closed. Sleeping...
15:55:03 [INFO] [18:55:03 ET] Market closed. Sleeping...
15:56:03 [INFO] [18:56:03 ET] Market closed. Sleeping...
15:57:03 [INFO] [18:57:03 ET] Market closed. Sleeping...
15:58:03 [INFO] [18:58:03 ET] Market closed. Sleeping...
15:59:03 [INFO] [18:59:03 ET] Market closed. Sleeping...
16:00:03 [INFO] [19:00:03 ET] Market closed. Sleeping...
16:01:03 [INFO] [19:01:03 ET] Market closed. Sleeping...
16:02:03 [INFO] [19:02:03 ET] Market closed. Sleeping...
16:03:03 [INFO] [19:03:03 ET] Market closed. Sleeping...
16:04:03 [INFO] [19:04:03 ET] Market closed. Sleeping...
16:05:03 [INFO] [19:05:03 ET] Market closed. Sleeping...
16:06:03 [INFO] [19:06:03 ET] Market closed. Sleeping...
16:07:03 [INFO] [19:07:03 ET] Market closed. Sleeping...
16:08:03 [INFO] [19:08:03 ET] Market closed. Sleeping...
16:09:03 [INFO] [19:09:03 ET] Market closed. Sleeping...
16:10:03 [INFO] [19:10:03 ET] Market closed. Sleeping...
16:11:03 [INFO] [19:11:03 ET] Market closed. Sleeping...
16:12:03 [INFO] [19:12:03 ET] Market closed. Sleeping...
16:13:04 [INFO] [19:13:04 ET] Market closed. Sleeping...
16:14:04 [INFO] [19:14:04 ET] Market closed. Sleeping...
16:15:04 [INFO] [19:15:04 ET] Market closed. Sleeping...
16:16:04 [INFO] [19:16:04 ET] Market closed. Sleeping...
16:17:04 [INFO] [19:17:04 ET] Market closed. Sleeping...
16:18:04 [INFO] [19:18:04 ET] Market closed. Sleeping...
16:19:04 [INFO] [19:19:04 ET] Market closed. Sleeping...
16:20:04 [INFO] [19:20:04 ET] Market closed. Sleeping...
16:21:04 [INFO] [19:21:04 ET] Market closed. Sleeping...
16:22:04 [INFO] [19:22:04 ET] Market closed. Sleeping...
16:23:04 [INFO] [19:23:04 ET] Market closed. Sleeping...
16:24:04 [INFO] [19:24:04 ET] Market closed. Sleeping...
16:25:04 [INFO] [19:25:04 ET] Market closed. Sleeping...
16:26:04 [INFO] [19:26:04 ET] Market closed. Sleeping...
16:27:04 [INFO] [19:27:04 ET] Market closed. Sleeping...
16:28:04 [INFO] [19:28:04 ET] Market closed. Sleeping...
16:29:04 [INFO] [19:29:04 ET] Market closed. Sleeping...
16:30:04 [INFO] [19:30:04 ET] Market closed. Sleeping...
16:31:04 [INFO] [19:31:04 ET] Market closed. Sleeping...
16:32:04 [INFO] [19:32:04 ET] Market closed. Sleeping...
16:33:04 [INFO] [19:33:04 ET] Market closed. Sleeping...
16:34:04 [INFO] [19:34:04 ET] Market closed. Sleeping...
16:35:04 [INFO] [19:35:04 ET] Market closed. Sleeping...
16:36:04 [INFO] [19:36:04 ET] Market closed. Sleeping...
16:37:04 [INFO] [19:37:04 ET] Market closed. Sleeping...
16:38:04 [INFO] [19:38:04 ET] Market closed. Sleeping...
16:39:04 [INFO] [19:39:04 ET] Market closed. Sleeping...
16:40:04 [INFO] [19:40:04 ET] Market closed. Sleeping...
16:41:04 [INFO] [19:41:04 ET] Market closed. Sleeping...
16:42:04 [INFO] [19:42:04 ET] Market closed. Sleeping...
16:43:04 [INFO] [19:43:04 ET] Market closed. Sleeping...
16:44:04 [INFO] [19:44:04 ET] Market closed. Sleeping...
16:45:04 [INFO] [19:45:04 ET] Market closed. Sleeping...
16:46:04 [INFO] [19:46:04 ET] Market closed. Sleeping...
16:47:04 [INFO] [19:47:04 ET] Market closed. Sleeping...
16:48:04 [INFO] [19:48:04 ET] Market closed. Sleeping...
16:49:04 [INFO] [19:49:04 ET] Market closed. Sleeping...
16:50:04 [INFO] [19:50:04 ET] Market closed. Sleeping...
16:51:04 [INFO] [19:51:04 ET] Market closed. Sleeping...
16:52:04 [INFO] [19:52:04 ET] Market closed. Sleeping...
16:53:04 [INFO] [19:53:04 ET] Market closed. Sleeping...
16:54:04 [INFO] [19:54:04 ET] Market closed. Sleeping...
16:55:04 [INFO] [19:55:04 ET] Market closed. Sleeping...
16:56:04 [INFO] [19:56:04 ET] Market closed. Sleeping...
16:57:04 [INFO] [19:57:04 ET] Market closed. Sleeping...
16:58:04 [INFO] [19:58:04 ET] Market closed. Sleeping...
16:59:04 [INFO] [19:59:04 ET] Market closed. Sleeping...
17:00:04 [INFO] [20:00:04 ET] Market closed. Sleeping...
17:01:04 [INFO] [20:01:04 ET] Market closed. Sleeping...
17:02:04 [INFO] [20:02:04 ET] Market closed. Sleeping...
17:03:04 [INFO] [20:03:04 ET] Market closed. Sleeping...
17:04:04 [INFO] [20:04:04 ET] Market closed. Sleeping...
17:05:04 [INFO] [20:05:04 ET] Market closed. Sleeping...
17:06:04 [INFO] [20:06:04 ET] Market closed. Sleeping...
17:07:04 [INFO] [20:07:04 ET] Market closed. Sleeping...
17:08:04 [INFO] [20:08:04 ET] Market closed. Sleeping...
17:09:04 [INFO] [20:09:04 ET] Market closed. Sleeping...
17:10:04 [INFO] [20:10:04 ET] Market closed. Sleeping...
17:11:04 [INFO] [20:11:04 ET] Market closed. Sleeping...
17:12:04 [INFO] [20:12:04 ET] Market closed. Sleeping...
17:13:04 [INFO] [20:13:04 ET] Market closed. Sleeping...
17:14:04 [INFO] [20:14:04 ET] Market closed. Sleeping...
17:15:04 [INFO] [20:15:04 ET] Market closed. Sleeping...
17:16:04 [INFO] [20:16:04 ET] Market closed. Sleeping...
17:17:04 [INFO] [20:17:04 ET] Market closed. Sleeping...
17:18:04 [INFO] [20:18:04 ET] Market closed. Sleeping...
17:19:04 [INFO] [20:19:04 ET] Market closed. Sleeping...
17:20:04 [INFO] [20:20:04 ET] Market closed. Sleeping...
17:21:04 [INFO] [20:21:04 ET] Market closed. Sleeping...
17:22:04 [INFO] [20:22:04 ET] Market closed. Sleeping...
17:23:04 [INFO] [20:23:04 ET] Market closed. Sleeping...
17:24:04 [INFO] [20:24:04 ET] Market closed. Sleeping...
17:25:04 [INFO] [20:25:04 ET] Market closed. Sleeping...
17:26:04 [INFO] [20:26:04 ET] Market closed. Sleeping...
17:27:04 [INFO] [20:27:04 ET] Market closed. Sleeping...
17:28:04 [INFO] [20:28:04 ET] Market closed. Sleeping...
17:29:04 [INFO] [20:29:04 ET] Market closed. Sleeping...
17:30:04 [INFO] [20:30:04 ET] Market closed. Sleeping...
17:31:04 [INFO] [20:31:04 ET] Market closed. Sleeping...
17:32:04 [INFO] [20:32:04 ET] Market closed. Sleeping...
17:33:04 [INFO] [20:33:04 ET] Market closed. Sleeping...
17:34:04 [INFO] [20:34:04 ET] Market closed. Sleeping...
17:35:04 [INFO] [20:35:04 ET] Market closed. Sleeping...
17:36:04 [INFO] [20:36:04 ET] Market closed. Sleeping...
17:37:04 [INFO] [20:37:04 ET] Market closed. Sleeping...
17:38:04 [INFO] [20:38:04 ET] Market closed. Sleeping...
17:39:04 [INFO] [20:39:04 ET] Market closed. Sleeping...
17:40:04 [INFO] [20:40:04 ET] Market closed. Sleeping...
17:41:04 [INFO] [20:41:04 ET] Market closed. Sleeping...
17:42:04 [INFO] [20:42:04 ET] Market closed. Sleeping...
17:43:04 [INFO] [20:43:04 ET] Market closed. Sleeping...
17:44:04 [INFO] [20:44:04 ET] Market closed. Sleeping...
17:45:04 [INFO] [20:45:04 ET] Market closed. Sleeping...
17:46:04 [INFO] [20:46:04 ET] Market closed. Sleeping...
17:47:04 [INFO] [20:47:04 ET] Market closed. Sleeping...
17:48:04 [INFO] [20:48:04 ET] Market closed. Sleeping...
17:49:04 [INFO] [20:49:04 ET] Market closed. Sleeping...
17:50:04 [INFO] [20:50:04 ET] Market closed. Sleeping...
17:51:04 [INFO] [20:51:04 ET] Market closed. Sleeping...
17:52:04 [INFO] [20:52:04 ET] Market closed. Sleeping...
17:53:04 [INFO] [20:53:04 ET] Market closed. Sleeping...
17:54:04 [INFO] [20:54:04 ET] Market closed. Sleeping...
17:55:04 [INFO] [20:55:04 ET] Market closed. Sleeping...
17:56:04 [INFO] [20:56:04 ET] Market closed. Sleeping...
17:57:04 [INFO] [20:57:04 ET] Market closed. Sleeping...
17:58:04 [INFO] [20:58:04 ET] Market closed. Sleeping...
17:59:04 [INFO] [20:59:04 ET] Market closed. Sleeping...
18:00:04 [INFO] [21:00:04 ET] Market closed. Sleeping...
18:01:04 [INFO] [21:01:04 ET] Market closed. Sleeping...
18:02:04 [INFO] [21:02:04 ET] Market closed. Sleeping...
18:03:04 [INFO] [21:03:04 ET] Market closed. Sleeping...
18:04:04 [INFO] [21:04:04 ET] Market closed. Sleeping...
18:05:04 [INFO] [21:05:04 ET] Market closed. Sleeping...
18:06:04 [INFO] [21:06:04 ET] Market closed. Sleeping...
18:07:04 [INFO] [21:07:04 ET] Market closed. Sleeping...
18:08:04 [INFO] [21:08:04 ET] Market closed. Sleeping...
18:09:04 [INFO] [21:09:04 ET] Market closed. Sleeping...
18:10:04 [INFO] [21:10:04 ET] Market closed. Sleeping...
18:11:04 [INFO] [21:11:04 ET] Market closed. Sleeping...
18:12:04 [INFO] [21:12:04 ET] Market closed. Sleeping...
18:13:04 [INFO] [21:13:04 ET] Market closed. Sleeping...
18:14:04 [INFO] [21:14:04 ET] Market closed. Sleeping...
18:15:04 [INFO] [21:15:04 ET] Market closed. Sleeping...
18:16:04 [INFO] [21:16:04 ET] Market closed. Sleeping...
18:17:04 [INFO] [21:17:04 ET] Market closed. Sleeping...
18:18:04 [INFO] [21:18:04 ET] Market closed. Sleeping...
18:19:04 [INFO] [21:19:04 ET] Market closed. Sleeping...
18:20:04 [INFO] [21:20:04 ET] Market closed. Sleeping...
18:21:04 [INFO] [21:21:04 ET] Market closed. Sleeping...
18:22:04 [INFO] [21:22:04 ET] Market closed. Sleeping...
18:23:04 [INFO] [21:23:04 ET] Market closed. Sleeping...
18:24:04 [INFO] [21:24:04 ET] Market closed. Sleeping...
18:25:04 [INFO] [21:25:04 ET] Market closed. Sleeping...
18:26:04 [INFO] [21:26:04 ET] Market closed. Sleeping...
18:27:04 [INFO] [21:27:04 ET] Market closed. Sleeping...
18:28:04 [INFO] [21:28:04 ET] Market closed. Sleeping...
18:29:04 [INFO] [21:29:04 ET] Market closed. Sleeping...
18:30:04 [INFO] [21:30:04 ET] Market closed. Sleeping...
18:31:04 [INFO] [21:31:04 ET] Market closed. Sleeping...
18:32:04 [INFO] [21:32:04 ET] Market closed. Sleeping...
18:33:04 [INFO] [21:33:04 ET] Market closed. Sleeping...
18:34:04 [INFO] [21:34:04 ET] Market closed. Sleeping...
18:35:04 [INFO] [21:35:04 ET] Market closed. Sleeping...
18:36:04 [INFO] [21:36:04 ET] Market closed. Sleeping...
18:37:04 [INFO] [21:37:04 ET] Market closed. Sleeping...
18:38:05 [INFO] [21:38:05 ET] Market closed. Sleeping...
18:39:05 [INFO] [21:39:05 ET] Market closed. Sleeping...
18:40:05 [INFO] [21:40:05 ET] Market closed. Sleeping...
18:41:05 [INFO] [21:41:05 ET] Market closed. Sleeping...
18:42:05 [INFO] [21:42:05 ET] Market closed. Sleeping...
18:43:05 [INFO] [21:43:05 ET] Market closed. Sleeping...
18:44:05 [INFO] [21:44:05 ET] Market closed. Sleeping...
18:45:05 [INFO] [21:45:05 ET] Market closed. Sleeping...
18:46:05 [INFO] [21:46:05 ET] Market closed. Sleeping...
18:47:05 [INFO] [21:47:05 ET] Market closed. Sleeping...
18:48:05 [INFO] [21:48:05 ET] Market closed. Sleeping...
18:49:05 [INFO] [21:49:05 ET] Market closed. Sleeping...
18:50:05 [INFO] [21:50:05 ET] Market closed. Sleeping...
18:51:05 [INFO] [21:51:05 ET] Market closed. Sleeping...
18:52:05 [INFO] [21:52:05 ET] Market closed. Sleeping...
18:53:05 [INFO] [21:53:05 ET] Market closed. Sleeping...
18:54:05 [INFO] [21:54:05 ET] Market closed. Sleeping...
18:55:05 [INFO] [21:55:05 ET] Market closed. Sleeping...
18:56:05 [INFO] [21:56:05 ET] Market closed. Sleeping...
18:57:05 [INFO] [21:57:05 ET] Market closed. Sleeping...
18:58:05 [INFO] [21:58:05 ET] Market closed. Sleeping...
18:59:05 [INFO] [21:59:05 ET] Market closed. Sleeping...
19:00:05 [INFO] [22:00:05 ET] Market closed. Sleeping...
19:01:05 [INFO] [22:01:05 ET] Market closed. Sleeping...
19:02:05 [INFO] [22:02:05 ET] Market closed. Sleeping...
19:03:05 [INFO] [22:03:05 ET] Market closed. Sleeping...
19:04:05 [INFO] [22:04:05 ET] Market closed. Sleeping...
19:05:05 [INFO] [22:05:05 ET] Market closed. Sleeping...
19:06:05 [INFO] [22:06:05 ET] Market closed. Sleeping...
19:07:05 [INFO] [22:07:05 ET] Market closed. Sleeping...
19:08:05 [INFO] [22:08:05 ET] Market closed. Sleeping...
19:09:05 [INFO] [22:09:05 ET] Market closed. Sleeping...
19:10:05 [INFO] [22:10:05 ET] Market closed. Sleeping...
19:11:05 [INFO] [22:11:05 ET] Market closed. Sleeping...
19:12:05 [INFO] [22:12:05 ET] Market closed. Sleeping...
19:13:05 [INFO] [22:13:05 ET] Market closed. Sleeping...
19:14:05 [INFO] [22:14:05 ET] Market closed. Sleeping...
19:15:05 [INFO] [22:15:05 ET] Market closed. Sleeping...
19:16:05 [INFO] [22:16:05 ET] Market closed. Sleeping...
19:17:05 [INFO] [22:17:05 ET] Market closed. Sleeping...
19:18:05 [INFO] [22:18:05 ET] Market closed. Sleeping...
19:19:05 [INFO] [22:19:05 ET] Market closed. Sleeping...
19:20:05 [INFO] [22:20:05 ET] Market closed. Sleeping...
19:21:05 [INFO] [22:21:05 ET] Market closed. Sleeping...
19:22:05 [INFO] [22:22:05 ET] Market closed. Sleeping...
19:23:05 [INFO] [22:23:05 ET] Market closed. Sleeping...
19:24:05 [INFO] [22:24:05 ET] Market closed. Sleeping...
19:25:05 [INFO] [22:25:05 ET] Market closed. Sleeping...
19:26:05 [INFO] [22:26:05 ET] Market closed. Sleeping...
19:27:05 [INFO] [22:27:05 ET] Market closed. Sleeping...
19:28:05 [INFO] [22:28:05 ET] Market closed. Sleeping...
19:29:05 [INFO] [22:29:05 ET] Market closed. Sleeping...
19:30:05 [INFO] [22:30:05 ET] Market closed. Sleeping...
19:31:05 [INFO] [22:31:05 ET] Market closed. Sleeping...
19:32:05 [INFO] [22:32:05 ET] Market closed. Sleeping...
19:33:05 [INFO] [22:33:05 ET] Market closed. Sleeping...
19:34:05 [INFO] [22:34:05 ET] Market closed. Sleeping...
19:35:05 [INFO] [22:35:05 ET] Market closed. Sleeping...
19:36:05 [INFO] [22:36:05 ET] Market closed. Sleeping...
19:37:05 [INFO] [22:37:05 ET] Market closed. Sleeping...
19:38:05 [INFO] [22:38:05 ET] Market closed. Sleeping...
19:39:05 [INFO] [22:39:05 ET] Market closed. Sleeping...
19:40:05 [INFO] [22:40:05 ET] Market closed. Sleeping...
19:41:05 [INFO] [22:41:05 ET] Market closed. Sleeping...
19:42:05 [INFO] [22:42:05 ET] Market closed. Sleeping...
19:43:05 [INFO] [22:43:05 ET] Market closed. Sleeping...
19:44:05 [INFO] [22:44:05 ET] Market closed. Sleeping...
19:45:05 [INFO] [22:45:05 ET] Market closed. Sleeping...
19:46:05 [INFO] [22:46:05 ET] Market closed. Sleeping...
19:47:05 [INFO] [22:47:05 ET] Market closed. Sleeping...
19:48:05 [INFO] [22:48:05 ET] Market closed. Sleeping...
19:49:05 [INFO] [22:49:05 ET] Market closed. Sleeping...
19:50:05 [INFO] [22:50:05 ET] Market closed. Sleeping...
19:51:05 [INFO] [22:51:05 ET] Market closed. Sleeping...
19:52:05 [INFO] [22:52:05 ET] Market closed. Sleeping...
19:53:05 [INFO] [22:53:05 ET] Market closed. Sleeping...
19:54:05 [INFO] [22:54:05 ET] Market closed. Sleeping...
19:55:05 [INFO] [22:55:05 ET] Market closed. Sleeping...
19:56:05 [INFO] [22:56:05 ET] Market closed. Sleeping...
19:57:05 [INFO] [22:57:05 ET] Market closed. Sleeping...
19:58:05 [INFO] [22:58:05 ET] Market closed. Sleeping...
19:59:05 [INFO] [22:59:05 ET] Market closed. Sleeping...
20:00:05 [INFO] [23:00:05 ET] Market closed. Sleeping...
20:01:05 [INFO] [23:01:05 ET] Market closed. Sleeping...
20:02:05 [INFO] [23:02:05 ET] Market closed. Sleeping...
20:03:05 [INFO] [23:03:05 ET] Market closed. Sleeping...
20:04:05 [INFO] [23:04:05 ET] Market closed. Sleeping...
20:05:05 [INFO] [23:05:05 ET] Market closed. Sleeping...
20:06:05 [INFO] [23:06:05 ET] Market closed. Sleeping...
20:07:05 [INFO] [23:07:05 ET] Market closed. Sleeping...
20:08:05 [INFO] [23:08:05 ET] Market closed. Sleeping...
20:09:05 [INFO] [23:09:05 ET] Market closed. Sleeping...
20:10:05 [INFO] [23:10:05 ET] Market closed. Sleeping...
20:11:05 [INFO] [23:11:05 ET] Market closed. Sleeping...
20:12:05 [INFO] [23:12:05 ET] Market closed. Sleeping...
20:13:05 [INFO] [23:13:05 ET] Market closed. Sleeping...
20:14:05 [INFO] [23:14:05 ET] Market closed. Sleeping...
20:15:05 [INFO] [23:15:05 ET] Market closed. Sleeping...
20:16:05 [INFO] [23:16:05 ET] Market closed. Sleeping...
20:17:05 [INFO] [23:17:05 ET] Market closed. Sleeping...
20:18:05 [INFO] [23:18:05 ET] Market closed. Sleeping...
20:19:05 [INFO] [23:19:05 ET] Market closed. Sleeping...
20:20:05 [INFO] [23:20:05 ET] Market closed. Sleeping...
20:21:05 [INFO] [23:21:05 ET] Market closed. Sleeping...
20:22:05 [INFO] [23:22:05 ET] Market closed. Sleeping...
20:23:05 [INFO] [23:23:05 ET] Market closed. Sleeping...
20:24:05 [INFO] [23:24:05 ET] Market closed. Sleeping...
20:25:05 [INFO] [23:25:05 ET] Market closed. Sleeping...
20:26:05 [INFO] [23:26:05 ET] Market closed. Sleeping...
20:27:05 [INFO] [23:27:05 ET] Market closed. Sleeping...
20:28:05 [INFO] [23:28:05 ET] Market closed. Sleeping...
20:29:05 [INFO] [23:29:05 ET] Market closed. Sleeping...
20:30:05 [INFO] [23:30:05 ET] Market closed. Sleeping...
20:31:05 [INFO] [23:31:05 ET] Market closed. Sleeping...
20:32:05 [INFO] [23:32:05 ET] Market closed. Sleeping...
20:33:05 [INFO] [23:33:05 ET] Market closed. Sleeping...
20:34:05 [INFO] [23:34:05 ET] Market closed. Sleeping...
20:35:05 [INFO] [23:35:05 ET] Market closed. Sleeping...
20:36:05 [INFO] [23:36:05 ET] Market closed. Sleeping...
20:37:05 [INFO] [23:37:05 ET] Market closed. Sleeping...
20:38:05 [INFO] [23:38:05 ET] Market closed. Sleeping...
20:39:05 [INFO] [23:39:05 ET] Market closed. Sleeping...
20:40:05 [INFO] [23:40:05 ET] Market closed. Sleeping...
20:41:05 [INFO] [23:41:05 ET] Market closed. Sleeping...
20:42:05 [INFO] [23:42:05 ET] Market closed. Sleeping...
20:43:05 [INFO] [23:43:05 ET] Market closed. Sleeping...
20:44:05 [INFO] [23:44:05 ET] Market closed. Sleeping...
20:45:05 [INFO] [23:45:05 ET] Market closed. Sleeping...
20:46:05 [INFO] [23:46:05 ET] Market closed. Sleeping...
20:47:05 [INFO] [23:47:05 ET] Market closed. Sleeping...
20:48:05 [INFO] [23:48:05 ET] Market closed. Sleeping...
20:49:05 [INFO] [23:49:05 ET] Market closed. Sleeping...
20:50:05 [INFO] [23:50:05 ET] Market closed. Sleeping...
20:51:05 [INFO] [23:51:05 ET] Market closed. Sleeping...
20:52:05 [INFO] [23:52:05 ET] Market closed. Sleeping...
20:53:05 [INFO] [23:53:05 ET] Market closed. Sleeping...
20:54:05 [INFO] [23:54:05 ET] Market closed. Sleeping...
20:55:05 [INFO] [23:55:05 ET] Market closed. Sleeping...
20:56:05 [INFO] [23:56:05 ET] Market closed. Sleeping...
20:57:05 [INFO] [23:57:05 ET] Market closed. Sleeping...
20:58:05 [INFO] [23:58:05 ET] Market closed. Sleeping...
20:59:05 [INFO] [23:59:05 ET] Market closed. Sleeping...
21:00:05 [INFO] [00:00:05 ET] Market closed. Sleeping...
21:01:05 [INFO] [00:01:05 ET] Market closed. Sleeping...
21:02:05 [INFO] [00:02:05 ET] Market closed. Sleeping...
21:03:06 [INFO] [00:03:05 ET] Market closed. Sleeping...
21:04:06 [INFO] [00:04:06 ET] Market closed. Sleeping...
21:05:06 [INFO] [00:05:06 ET] Market closed. Sleeping...
21:06:06 [INFO] [00:06:06 ET] Market closed. Sleeping...
21:07:06 [INFO] [00:07:06 ET] Market closed. Sleeping...
21:08:06 [INFO] [00:08:06 ET] Market closed. Sleeping...
21:09:06 [INFO] [00:09:06 ET] Market closed. Sleeping...
21:10:06 [INFO] [00:10:06 ET] Market closed. Sleeping...
21:11:06 [INFO] [00:11:06 ET] Market closed. Sleeping...
21:12:06 [INFO] [00:12:06 ET] Market closed. Sleeping...
21:13:06 [INFO] [00:13:06 ET] Market closed. Sleeping...
21:14:06 [INFO] [00:14:06 ET] Market closed. Sleeping...
21:15:06 [INFO] [00:15:06 ET] Market closed. Sleeping...
21:16:06 [INFO] [00:16:06 ET] Market closed. Sleeping...
21:17:06 [INFO] [00:17:06 ET] Market closed. Sleeping...
21:18:06 [INFO] [00:18:06 ET] Market closed. Sleeping...
21:19:06 [INFO] [00:19:06 ET] Market closed. Sleeping...
21:20:06 [INFO] [00:20:06 ET] Market closed. Sleeping...
21:21:06 [INFO] [00:21:06 ET] Market closed. Sleeping...
21:22:06 [INFO] [00:22:06 ET] Market closed. Sleeping...
21:23:06 [INFO] [00:23:06 ET] Market closed. Sleeping...
21:24:06 [INFO] [00:24:06 ET] Market closed. Sleeping...
21:25:06 [INFO] [00:25:06 ET] Market closed. Sleeping...
21:26:06 [INFO] [00:26:06 ET] Market closed. Sleeping...
21:27:06 [INFO] [00:27:06 ET] Market closed. Sleeping...
21:28:06 [INFO] [00:28:06 ET] Market closed. Sleeping...
21:29:06 [INFO] [00:29:06 ET] Market closed. Sleeping...
21:30:06 [INFO] [00:30:06 ET] Market closed. Sleeping...
21:31:06 [INFO] [00:31:06 ET] Market closed. Sleeping...
21:32:06 [INFO] [00:32:06 ET] Market closed. Sleeping...
21:33:06 [INFO] [00:33:06 ET] Market closed. Sleeping...
21:34:06 [INFO] [00:34:06 ET] Market closed. Sleeping...
21:35:06 [INFO] [00:35:06 ET] Market closed. Sleeping...
21:36:06 [INFO] [00:36:06 ET] Market closed. Sleeping...
21:37:06 [INFO] [00:37:06 ET] Market closed. Sleeping...
21:38:06 [INFO] [00:38:06 ET] Market closed. Sleeping...
21:39:06 [INFO] [00:39:06 ET] Market closed. Sleeping...
21:40:06 [INFO] [00:40:06 ET] Market closed. Sleeping...
21:41:06 [INFO] [00:41:06 ET] Market closed. Sleeping...
21:42:06 [INFO] [00:42:06 ET] Market closed. Sleeping...
21:43:06 [INFO] [00:43:06 ET] Market closed. Sleeping...
21:44:06 [INFO] [00:44:06 ET] Market closed. Sleeping...
21:45:06 [INFO] [00:45:06 ET] Market closed. Sleeping...
21:46:06 [INFO] [00:46:06 ET] Market closed. Sleeping...
21:47:06 [INFO] [00:47:06 ET] Market closed. Sleeping...
21:48:06 [INFO] [00:48:06 ET] Market closed. Sleeping...
21:49:06 [INFO] [00:49:06 ET] Market closed. Sleeping...
21:50:06 [INFO] [00:50:06 ET] Market closed. Sleeping...
21:51:06 [INFO] [00:51:06 ET] Market closed. Sleeping...
21:52:06 [INFO] [00:52:06 ET] Market closed. Sleeping...
21:53:06 [INFO] [00:53:06 ET] Market closed. Sleeping...
21:54:06 [INFO] [00:54:06 ET] Market closed. Sleeping...
21:55:06 [INFO] [00:55:06 ET] Market closed. Sleeping...
21:56:06 [INFO] [00:56:06 ET] Market closed. Sleeping...
21:57:06 [INFO] [00:57:06 ET] Market closed. Sleeping...
21:58:06 [INFO] [00:58:06 ET] Market closed. Sleeping...
21:59:06 [INFO] [00:59:06 ET] Market closed. Sleeping...
22:00:06 [INFO] [01:00:06 ET] Market closed. Sleeping...
22:01:06 [INFO] [01:01:06 ET] Market closed. Sleeping...
22:02:06 [INFO] [01:02:06 ET] Market closed. Sleeping...
22:03:06 [INFO] [01:03:06 ET] Market closed. Sleeping...
22:04:06 [INFO] [01:04:06 ET] Market closed. Sleeping...
22:05:06 [INFO] [01:05:06 ET] Market closed. Sleeping...
22:06:06 [INFO] [01:06:06 ET] Market closed. Sleeping...
22:07:06 [INFO] [01:07:06 ET] Market closed. Sleeping...
22:08:06 [INFO] [01:08:06 ET] Market closed. Sleeping...
22:09:06 [INFO] [01:09:06 ET] Market closed. Sleeping...
22:10:06 [INFO] [01:10:06 ET] Market closed. Sleeping...
22:11:06 [INFO] [01:11:06 ET] Market closed. Sleeping...
22:12:06 [INFO] [01:12:06 ET] Market closed. Sleeping...
22:13:06 [INFO] [01:13:06 ET] Market closed. Sleeping...
22:14:06 [INFO] [01:14:06 ET] Market closed. Sleeping...
22:15:06 [INFO] [01:15:06 ET] Market closed. Sleeping...
22:16:06 [INFO] [01:16:06 ET] Market closed. Sleeping...
22:17:06 [INFO] [01:17:06 ET] Market closed. Sleeping...
22:18:06 [INFO] [01:18:06 ET] Market closed. Sleeping...
22:19:06 [INFO] [01:19:06 ET] Market closed. Sleeping...
22:20:06 [INFO] [01:20:06 ET] Market closed. Sleeping...
22:21:06 [INFO] [01:21:06 ET] Market closed. Sleeping...
22:22:06 [INFO] [01:22:06 ET] Market closed. Sleeping...
22:23:06 [INFO] [01:23:06 ET] Market closed. Sleeping...
22:24:06 [INFO] [01:24:06 ET] Market closed. Sleeping...
22:25:06 [INFO] [01:25:06 ET] Market closed. Sleeping...
22:26:06 [INFO] [01:26:06 ET] Market closed. Sleeping...
22:27:06 [INFO] [01:27:06 ET] Market closed. Sleeping...
22:28:06 [INFO] [01:28:06 ET] Market closed. Sleeping...
22:29:06 [INFO] [01:29:06 ET] Market closed. Sleeping...
22:30:06 [INFO] [01:30:06 ET] Market closed. Sleeping...
22:31:06 [INFO] [01:31:06 ET] Market closed. Sleeping...
22:32:06 [INFO] [01:32:06 ET] Market closed. Sleeping...
22:33:06 [INFO] [01:33:06 ET] Market closed. Sleeping...
22:34:06 [INFO] [01:34:06 ET] Market closed. Sleeping...
22:35:06 [INFO] [01:35:06 ET] Market closed. Sleeping...
22:36:06 [INFO] [01:36:06 ET] Market closed. Sleeping...
22:37:06 [INFO] [01:37:06 ET] Market closed. Sleeping...
22:38:06 [INFO] [01:38:06 ET] Market closed. Sleeping...
22:39:06 [INFO] [01:39:06 ET] Market closed. Sleeping...
22:40:06 [INFO] [01:40:06 ET] Market closed. Sleeping...
22:41:06 [INFO] [01:41:06 ET] Market closed. Sleeping...
22:42:06 [INFO] [01:42:06 ET] Market closed. Sleeping...
22:43:06 [INFO] [01:43:06 ET] Market closed. Sleeping...
22:44:06 [INFO] [01:44:06 ET] Market closed. Sleeping...
